2020-09-14 11:27:15,415 ERROR 48400 [-/127.0.0.1/-/18ms POST /default/getArticle] nodejs.TypeError: Cannot read property 'length' of undefined
    at HomeController.getArticle (/Users/libing/Desktop/Code/app/react-blog.github.io/service/react-blog.github.io/app/controller/default/index.js:224:24)
    at processTicksAndRejections (internal/process/task_queues.js:97:5)
    at async /Users/libing/Desktop/Code/app/react-blog.github.io/service/react-blog.github.io/node_modules/egg-development/app/middleware/egg_loader_trace.js:9:50
    at async xframe (/Users/libing/Desktop/Code/app/react-blog.github.io/service/react-blog.github.io/node_modules/egg-security/lib/middlewares/xframe.js:7:5)
    at async xssProtection (/Users/libing/Desktop/Code/app/react-blog.github.io/service/react-blog.github.io/node_modules/egg-security/lib/middlewares/xssProtection.js:7:5)
    at async nosniff (/Users/libing/Desktop/Code/app/react-blog.github.io/service/react-blog.github.io/node_modules/egg-security/lib/middlewares/nosniff.js:8:5)
    at async noopen (/Users/libing/Desktop/Code/app/react-blog.github.io/service/react-blog.github.io/node_modules/egg-security/lib/middlewares/noopen.js:8:5)
    at async session (/Users/libing/Desktop/Code/app/react-blog.github.io/service/react-blog.github.io/node_modules/koa-session/index.js:41:7)
    at async bodyParser (/Users/libing/Desktop/Code/app/react-blog.github.io/service/react-blog.github.io/node_modules/koa-bodyparser/index.js:95:5)
    at async /Users/libing/Desktop/Code/app/react-blog.github.io/service/react-blog.github.io/node_modules/koa-static-cache/index.js:39:63
headers: {"Access-Control-Allow-Origin":"http://localhost:3000","Access-Control-Allow-Credentials":"true","vary":"Origin"}
pid: 48400
hostname: Evans-Li-Mac.local

2020-09-14 11:27:22,173 ERROR 48400 [-/127.0.0.1/-/2ms POST /default/getArticle] nodejs.TypeError: Cannot read property 'length' of undefined
    at HomeController.getArticle (/Users/libing/Desktop/Code/app/react-blog.github.io/service/react-blog.github.io/app/controller/default/index.js:224:24)
    at processTicksAndRejections (internal/process/task_queues.js:97:5)
    at async /Users/libing/Desktop/Code/app/react-blog.github.io/service/react-blog.github.io/node_modules/egg-development/app/middleware/egg_loader_trace.js:9:50
    at async xframe (/Users/libing/Desktop/Code/app/react-blog.github.io/service/react-blog.github.io/node_modules/egg-security/lib/middlewares/xframe.js:7:5)
    at async xssProtection (/Users/libing/Desktop/Code/app/react-blog.github.io/service/react-blog.github.io/node_modules/egg-security/lib/middlewares/xssProtection.js:7:5)
    at async nosniff (/Users/libing/Desktop/Code/app/react-blog.github.io/service/react-blog.github.io/node_modules/egg-security/lib/middlewares/nosniff.js:8:5)
    at async noopen (/Users/libing/Desktop/Code/app/react-blog.github.io/service/react-blog.github.io/node_modules/egg-security/lib/middlewares/noopen.js:8:5)
    at async session (/Users/libing/Desktop/Code/app/react-blog.github.io/service/react-blog.github.io/node_modules/koa-session/index.js:41:7)
    at async bodyParser (/Users/libing/Desktop/Code/app/react-blog.github.io/service/react-blog.github.io/node_modules/koa-bodyparser/index.js:95:5)
    at async /Users/libing/Desktop/Code/app/react-blog.github.io/service/react-blog.github.io/node_modules/koa-static-cache/index.js:39:63
headers: {"Access-Control-Allow-Origin":"http://localhost:3000","Access-Control-Allow-Credentials":"true","vary":"Origin"}
pid: 48400
hostname: Evans-Li-Mac.local

2020-09-14 11:27:34,302 ERROR 48468 [-/127.0.0.1/-/13ms POST /default/getArticle] nodejs.TypeError: Cannot read property 'length' of undefined
    at HomeController.getArticle (/Users/libing/Desktop/Code/app/react-blog.github.io/service/react-blog.github.io/app/controller/default/index.js:224:24)
    at processTicksAndRejections (internal/process/task_queues.js:97:5)
    at async /Users/libing/Desktop/Code/app/react-blog.github.io/service/react-blog.github.io/node_modules/egg-development/app/middleware/egg_loader_trace.js:9:50
    at async xframe (/Users/libing/Desktop/Code/app/react-blog.github.io/service/react-blog.github.io/node_modules/egg-security/lib/middlewares/xframe.js:7:5)
    at async xssProtection (/Users/libing/Desktop/Code/app/react-blog.github.io/service/react-blog.github.io/node_modules/egg-security/lib/middlewares/xssProtection.js:7:5)
    at async nosniff (/Users/libing/Desktop/Code/app/react-blog.github.io/service/react-blog.github.io/node_modules/egg-security/lib/middlewares/nosniff.js:8:5)
    at async noopen (/Users/libing/Desktop/Code/app/react-blog.github.io/service/react-blog.github.io/node_modules/egg-security/lib/middlewares/noopen.js:8:5)
    at async session (/Users/libing/Desktop/Code/app/react-blog.github.io/service/react-blog.github.io/node_modules/koa-session/index.js:41:7)
    at async bodyParser (/Users/libing/Desktop/Code/app/react-blog.github.io/service/react-blog.github.io/node_modules/koa-bodyparser/index.js:95:5)
    at async /Users/libing/Desktop/Code/app/react-blog.github.io/service/react-blog.github.io/node_modules/koa-static-cache/index.js:39:63
headers: {"Access-Control-Allow-Origin":"http://localhost:3000","Access-Control-Allow-Credentials":"true","vary":"Origin"}
pid: 48468
hostname: Evans-Li-Mac.local

2020-09-14 11:27:34,953 ERROR 48468 [-/127.0.0.1/-/2ms POST /default/getArticle] nodejs.TypeError: Cannot read property 'length' of undefined
    at HomeController.getArticle (/Users/libing/Desktop/Code/app/react-blog.github.io/service/react-blog.github.io/app/controller/default/index.js:224:24)
    at processTicksAndRejections (internal/process/task_queues.js:97:5)
    at async /Users/libing/Desktop/Code/app/react-blog.github.io/service/react-blog.github.io/node_modules/egg-development/app/middleware/egg_loader_trace.js:9:50
    at async xframe (/Users/libing/Desktop/Code/app/react-blog.github.io/service/react-blog.github.io/node_modules/egg-security/lib/middlewares/xframe.js:7:5)
    at async xssProtection (/Users/libing/Desktop/Code/app/react-blog.github.io/service/react-blog.github.io/node_modules/egg-security/lib/middlewares/xssProtection.js:7:5)
    at async nosniff (/Users/libing/Desktop/Code/app/react-blog.github.io/service/react-blog.github.io/node_modules/egg-security/lib/middlewares/nosniff.js:8:5)
    at async noopen (/Users/libing/Desktop/Code/app/react-blog.github.io/service/react-blog.github.io/node_modules/egg-security/lib/middlewares/noopen.js:8:5)
    at async session (/Users/libing/Desktop/Code/app/react-blog.github.io/service/react-blog.github.io/node_modules/koa-session/index.js:41:7)
    at async bodyParser (/Users/libing/Desktop/Code/app/react-blog.github.io/service/react-blog.github.io/node_modules/koa-bodyparser/index.js:95:5)
    at async /Users/libing/Desktop/Code/app/react-blog.github.io/service/react-blog.github.io/node_modules/koa-static-cache/index.js:39:63
headers: {"Access-Control-Allow-Origin":"http://localhost:3000","Access-Control-Allow-Credentials":"true","vary":"Origin"}
pid: 48468
hostname: Evans-Li-Mac.local

2020-09-14 11:27:35,295 ERROR 48468 [-/127.0.0.1/-/2ms POST /default/getArticle] nodejs.TypeError: Cannot read property 'length' of undefined
    at HomeController.getArticle (/Users/libing/Desktop/Code/app/react-blog.github.io/service/react-blog.github.io/app/controller/default/index.js:224:24)
    at processTicksAndRejections (internal/process/task_queues.js:97:5)
    at async /Users/libing/Desktop/Code/app/react-blog.github.io/service/react-blog.github.io/node_modules/egg-development/app/middleware/egg_loader_trace.js:9:50
    at async xframe (/Users/libing/Desktop/Code/app/react-blog.github.io/service/react-blog.github.io/node_modules/egg-security/lib/middlewares/xframe.js:7:5)
    at async xssProtection (/Users/libing/Desktop/Code/app/react-blog.github.io/service/react-blog.github.io/node_modules/egg-security/lib/middlewares/xssProtection.js:7:5)
    at async nosniff (/Users/libing/Desktop/Code/app/react-blog.github.io/service/react-blog.github.io/node_modules/egg-security/lib/middlewares/nosniff.js:8:5)
    at async noopen (/Users/libing/Desktop/Code/app/react-blog.github.io/service/react-blog.github.io/node_modules/egg-security/lib/middlewares/noopen.js:8:5)
    at async session (/Users/libing/Desktop/Code/app/react-blog.github.io/service/react-blog.github.io/node_modules/koa-session/index.js:41:7)
    at async bodyParser (/Users/libing/Desktop/Code/app/react-blog.github.io/service/react-blog.github.io/node_modules/koa-bodyparser/index.js:95:5)
    at async /Users/libing/Desktop/Code/app/react-blog.github.io/service/react-blog.github.io/node_modules/koa-static-cache/index.js:39:63
headers: {"Access-Control-Allow-Origin":"http://localhost:3000","Access-Control-Allow-Credentials":"true","vary":"Origin"}
pid: 48468
hostname: Evans-Li-Mac.local

2020-09-14 11:27:35,305 ERROR 48468 [-/127.0.0.1/-/7ms POST /default/getArticle] nodejs.TypeError: Cannot read property 'length' of undefined
    at HomeController.getArticle (/Users/libing/Desktop/Code/app/react-blog.github.io/service/react-blog.github.io/app/controller/default/index.js:224:24)
    at processTicksAndRejections (internal/process/task_queues.js:97:5)
    at async /Users/libing/Desktop/Code/app/react-blog.github.io/service/react-blog.github.io/node_modules/egg-development/app/middleware/egg_loader_trace.js:9:50
    at async xframe (/Users/libing/Desktop/Code/app/react-blog.github.io/service/react-blog.github.io/node_modules/egg-security/lib/middlewares/xframe.js:7:5)
    at async xssProtection (/Users/libing/Desktop/Code/app/react-blog.github.io/service/react-blog.github.io/node_modules/egg-security/lib/middlewares/xssProtection.js:7:5)
    at async nosniff (/Users/libing/Desktop/Code/app/react-blog.github.io/service/react-blog.github.io/node_modules/egg-security/lib/middlewares/nosniff.js:8:5)
    at async noopen (/Users/libing/Desktop/Code/app/react-blog.github.io/service/react-blog.github.io/node_modules/egg-security/lib/middlewares/noopen.js:8:5)
    at async session (/Users/libing/Desktop/Code/app/react-blog.github.io/service/react-blog.github.io/node_modules/koa-session/index.js:41:7)
    at async bodyParser (/Users/libing/Desktop/Code/app/react-blog.github.io/service/react-blog.github.io/node_modules/koa-bodyparser/index.js:95:5)
    at async /Users/libing/Desktop/Code/app/react-blog.github.io/service/react-blog.github.io/node_modules/koa-static-cache/index.js:39:63
headers: {"Access-Control-Allow-Origin":"http://localhost:3000","Access-Control-Allow-Credentials":"true","vary":"Origin"}
pid: 48468
hostname: Evans-Li-Mac.local

2020-09-14 11:27:35,395 ERROR 48468 [-/127.0.0.1/-/3ms POST /default/getArticle] nodejs.TypeError: Cannot read property 'length' of undefined
    at HomeController.getArticle (/Users/libing/Desktop/Code/app/react-blog.github.io/service/react-blog.github.io/app/controller/default/index.js:224:24)
    at processTicksAndRejections (internal/process/task_queues.js:97:5)
    at async /Users/libing/Desktop/Code/app/react-blog.github.io/service/react-blog.github.io/node_modules/egg-development/app/middleware/egg_loader_trace.js:9:50
    at async xframe (/Users/libing/Desktop/Code/app/react-blog.github.io/service/react-blog.github.io/node_modules/egg-security/lib/middlewares/xframe.js:7:5)
    at async xssProtection (/Users/libing/Desktop/Code/app/react-blog.github.io/service/react-blog.github.io/node_modules/egg-security/lib/middlewares/xssProtection.js:7:5)
    at async nosniff (/Users/libing/Desktop/Code/app/react-blog.github.io/service/react-blog.github.io/node_modules/egg-security/lib/middlewares/nosniff.js:8:5)
    at async noopen (/Users/libing/Desktop/Code/app/react-blog.github.io/service/react-blog.github.io/node_modules/egg-security/lib/middlewares/noopen.js:8:5)
    at async session (/Users/libing/Desktop/Code/app/react-blog.github.io/service/react-blog.github.io/node_modules/koa-session/index.js:41:7)
    at async bodyParser (/Users/libing/Desktop/Code/app/react-blog.github.io/service/react-blog.github.io/node_modules/koa-bodyparser/index.js:95:5)
    at async /Users/libing/Desktop/Code/app/react-blog.github.io/service/react-blog.github.io/node_modules/koa-static-cache/index.js:39:63
headers: {"Access-Control-Allow-Origin":"http://localhost:3000","Access-Control-Allow-Credentials":"true","vary":"Origin"}
pid: 48468
hostname: Evans-Li-Mac.local

2020-09-14 11:27:39,315 ERROR 48468 [-/127.0.0.1/-/2ms POST /default/getArticle] nodejs.TypeError: Cannot read property 'length' of undefined
    at HomeController.getArticle (/Users/libing/Desktop/Code/app/react-blog.github.io/service/react-blog.github.io/app/controller/default/index.js:224:24)
    at processTicksAndRejections (internal/process/task_queues.js:97:5)
    at async /Users/libing/Desktop/Code/app/react-blog.github.io/service/react-blog.github.io/node_modules/egg-development/app/middleware/egg_loader_trace.js:9:50
    at async xframe (/Users/libing/Desktop/Code/app/react-blog.github.io/service/react-blog.github.io/node_modules/egg-security/lib/middlewares/xframe.js:7:5)
    at async xssProtection (/Users/libing/Desktop/Code/app/react-blog.github.io/service/react-blog.github.io/node_modules/egg-security/lib/middlewares/xssProtection.js:7:5)
    at async nosniff (/Users/libing/Desktop/Code/app/react-blog.github.io/service/react-blog.github.io/node_modules/egg-security/lib/middlewares/nosniff.js:8:5)
    at async noopen (/Users/libing/Desktop/Code/app/react-blog.github.io/service/react-blog.github.io/node_modules/egg-security/lib/middlewares/noopen.js:8:5)
    at async session (/Users/libing/Desktop/Code/app/react-blog.github.io/service/react-blog.github.io/node_modules/koa-session/index.js:41:7)
    at async bodyParser (/Users/libing/Desktop/Code/app/react-blog.github.io/service/react-blog.github.io/node_modules/koa-bodyparser/index.js:95:5)
    at async /Users/libing/Desktop/Code/app/react-blog.github.io/service/react-blog.github.io/node_modules/koa-static-cache/index.js:39:63
headers: {"Access-Control-Allow-Origin":"http://localhost:3000","Access-Control-Allow-Credentials":"true","vary":"Origin"}
pid: 48468
hostname: Evans-Li-Mac.local

2020-09-14 16:25:08,177 ERROR 67350 [-/127.0.0.1/-/17ms POST /default/getListByIdLoadMore] nodejs.ER_PARSE_ERRORError: ER_PARSE_ERROR: You have an error in your SQL syntax; check the manual that corresponds to your MySQL server version for the right syntax to use near 'BY article.id DESC  LIMIT NaN,2' at line 1
    at Query.Sequence._packetToError (/Users/libing/Desktop/Code/app/react-blog.github.io/service/react-blog.github.io/node_modules/mysql/lib/protocol/sequences/Sequence.js:47:14)
    at Query.ErrorPacket (/Users/libing/Desktop/Code/app/react-blog.github.io/service/react-blog.github.io/node_modules/mysql/lib/protocol/sequences/Query.js:79:18)
    at Protocol._parsePacket (/Users/libing/Desktop/Code/app/react-blog.github.io/service/react-blog.github.io/node_modules/mysql/lib/protocol/Protocol.js:291:23)
    at Parser._parsePacket (/Users/libing/Desktop/Code/app/react-blog.github.io/service/react-blog.github.io/node_modules/mysql/lib/protocol/Parser.js:433:10)
    at Parser.write (/Users/libing/Desktop/Code/app/react-blog.github.io/service/react-blog.github.io/node_modules/mysql/lib/protocol/Parser.js:43:10)
    at Protocol.write (/Users/libing/Desktop/Code/app/react-blog.github.io/service/react-blog.github.io/node_modules/mysql/lib/protocol/Protocol.js:38:16)
    at Socket.<anonymous> (/Users/libing/Desktop/Code/app/react-blog.github.io/service/react-blog.github.io/node_modules/mysql/lib/Connection.js:88:28)
    at Socket.<anonymous> (/Users/libing/Desktop/Code/app/react-blog.github.io/service/react-blog.github.io/node_modules/mysql/lib/Connection.js:526:10)
    at Socket.emit (events.js:315:20)
    at addChunk (_stream_readable.js:295:12)
    --------------------
    at Pool.query (/Users/libing/Desktop/Code/app/react-blog.github.io/service/react-blog.github.io/node_modules/mysql/lib/Pool.js:199:23)
    at /Users/libing/Desktop/Code/app/react-blog.github.io/service/react-blog.github.io/node_modules/pify/index.js:29:7
    at new Promise (<anonymous>)
    at Pool.<anonymous> (/Users/libing/Desktop/Code/app/react-blog.github.io/service/react-blog.github.io/node_modules/pify/index.js:12:10)
    at Pool.ret [as query] (/Users/libing/Desktop/Code/app/react-blog.github.io/service/react-blog.github.io/node_modules/pify/index.js:56:34)
    at RDSClient.proto._query (/Users/libing/Desktop/Code/app/react-blog.github.io/service/react-blog.github.io/node_modules/ali-rds/lib/client.js:34:20)
    at RDSClient.proto.query (/Users/libing/Desktop/Code/app/react-blog.github.io/service/react-blog.github.io/node_modules/ali-rds/lib/operator.js:54:29)
    at proto.query.next (<anonymous>)
    at onFulfilled (/Users/libing/Desktop/Code/app/react-blog.github.io/service/react-blog.github.io/node_modules/co/index.js:65:19)
    at /Users/libing/Desktop/Code/app/react-blog.github.io/service/react-blog.github.io/node_modules/co/index.js:54:5
    sql: SELECT article.id as id,article.title as title,article.introduce as introduce,FROM_UNIXTIME(article.addTime,'%Y-%m-%d' ) as addTime,article.view_count as view_count ,type.typeName as typeName FROM article LEFT JOIN type ON article.type_id = type.Id WHERE type_id=1ORDER BY article.id DESC  LIMIT NaN,2
code: "ER_PARSE_ERROR"
errno: 1064
sqlMessage: "You have an error in your SQL syntax; check the manual that corresponds to your MySQL server version for the right syntax to use near 'BY article.id DESC  LIMIT NaN,2' at line 1"
sqlState: "42000"
index: 0
sql: "SELECT article.id as id,article.title as title,article.introduce as introduce,FROM_UNIXTIME(article.addTime,'%Y-%m-%d' ) as addTime,article.view_count as view_count ,type.typeName as typeName FROM article LEFT JOIN type ON article.type_id = type.Id WHERE type_id=1ORDER BY article.id DESC  LIMIT NaN,2"
name: "ER_PARSE_ERRORError"
pid: 67350
hostname: Evans-Li-Mac.local

2020-09-14 16:26:07,289 ERROR 67350 [-/127.0.0.1/-/3ms POST /default/getListByIdLoadMore] nodejs.ER_PARSE_ERRORError: ER_PARSE_ERROR: You have an error in your SQL syntax; check the manual that corresponds to your MySQL server version for the right syntax to use near 'BY article.id DESC  LIMIT NaN,2' at line 1
    at Query.Sequence._packetToError (/Users/libing/Desktop/Code/app/react-blog.github.io/service/react-blog.github.io/node_modules/mysql/lib/protocol/sequences/Sequence.js:47:14)
    at Query.ErrorPacket (/Users/libing/Desktop/Code/app/react-blog.github.io/service/react-blog.github.io/node_modules/mysql/lib/protocol/sequences/Query.js:79:18)
    at Protocol._parsePacket (/Users/libing/Desktop/Code/app/react-blog.github.io/service/react-blog.github.io/node_modules/mysql/lib/protocol/Protocol.js:291:23)
    at Parser._parsePacket (/Users/libing/Desktop/Code/app/react-blog.github.io/service/react-blog.github.io/node_modules/mysql/lib/protocol/Parser.js:433:10)
    at Parser.write (/Users/libing/Desktop/Code/app/react-blog.github.io/service/react-blog.github.io/node_modules/mysql/lib/protocol/Parser.js:43:10)
    at Protocol.write (/Users/libing/Desktop/Code/app/react-blog.github.io/service/react-blog.github.io/node_modules/mysql/lib/protocol/Protocol.js:38:16)
    at Socket.<anonymous> (/Users/libing/Desktop/Code/app/react-blog.github.io/service/react-blog.github.io/node_modules/mysql/lib/Connection.js:88:28)
    at Socket.<anonymous> (/Users/libing/Desktop/Code/app/react-blog.github.io/service/react-blog.github.io/node_modules/mysql/lib/Connection.js:526:10)
    at Socket.emit (events.js:315:20)
    at addChunk (_stream_readable.js:295:12)
    --------------------
    at Pool.query (/Users/libing/Desktop/Code/app/react-blog.github.io/service/react-blog.github.io/node_modules/mysql/lib/Pool.js:199:23)
    at /Users/libing/Desktop/Code/app/react-blog.github.io/service/react-blog.github.io/node_modules/pify/index.js:29:7
    at new Promise (<anonymous>)
    at Pool.<anonymous> (/Users/libing/Desktop/Code/app/react-blog.github.io/service/react-blog.github.io/node_modules/pify/index.js:12:10)
    at Pool.ret [as query] (/Users/libing/Desktop/Code/app/react-blog.github.io/service/react-blog.github.io/node_modules/pify/index.js:56:34)
    at RDSClient.proto._query (/Users/libing/Desktop/Code/app/react-blog.github.io/service/react-blog.github.io/node_modules/ali-rds/lib/client.js:34:20)
    at RDSClient.proto.query (/Users/libing/Desktop/Code/app/react-blog.github.io/service/react-blog.github.io/node_modules/ali-rds/lib/operator.js:54:29)
    at proto.query.next (<anonymous>)
    at onFulfilled (/Users/libing/Desktop/Code/app/react-blog.github.io/service/react-blog.github.io/node_modules/co/index.js:65:19)
    at /Users/libing/Desktop/Code/app/react-blog.github.io/service/react-blog.github.io/node_modules/co/index.js:54:5
    sql: SELECT article.id as id,article.title as title,article.introduce as introduce,FROM_UNIXTIME(article.addTime,'%Y-%m-%d' ) as addTime,article.view_count as view_count ,type.typeName as typeName FROM article LEFT JOIN type ON article.type_id = type.Id WHERE type_id=1ORDER BY article.id DESC  LIMIT NaN,2
code: "ER_PARSE_ERROR"
errno: 1064
sqlMessage: "You have an error in your SQL syntax; check the manual that corresponds to your MySQL server version for the right syntax to use near 'BY article.id DESC  LIMIT NaN,2' at line 1"
sqlState: "42000"
index: 0
sql: "SELECT article.id as id,article.title as title,article.introduce as introduce,FROM_UNIXTIME(article.addTime,'%Y-%m-%d' ) as addTime,article.view_count as view_count ,type.typeName as typeName FROM article LEFT JOIN type ON article.type_id = type.Id WHERE type_id=1ORDER BY article.id DESC  LIMIT NaN,2"
name: "ER_PARSE_ERRORError"
pid: 67350
hostname: Evans-Li-Mac.local

2020-09-14 16:28:17,951 ERROR 67643 [-/127.0.0.1/-/19ms POST /default/getListByIdLoadMore] nodejs.ER_PARSE_ERRORError: ER_PARSE_ERROR: You have an error in your SQL syntax; check the manual that corresponds to your MySQL server version for the right syntax to use near 'BY article.id DESC  LIMIT NaN,2' at line 1
    at Query.Sequence._packetToError (/Users/libing/Desktop/Code/app/react-blog.github.io/service/react-blog.github.io/node_modules/mysql/lib/protocol/sequences/Sequence.js:47:14)
    at Query.ErrorPacket (/Users/libing/Desktop/Code/app/react-blog.github.io/service/react-blog.github.io/node_modules/mysql/lib/protocol/sequences/Query.js:79:18)
    at Protocol._parsePacket (/Users/libing/Desktop/Code/app/react-blog.github.io/service/react-blog.github.io/node_modules/mysql/lib/protocol/Protocol.js:291:23)
    at Parser._parsePacket (/Users/libing/Desktop/Code/app/react-blog.github.io/service/react-blog.github.io/node_modules/mysql/lib/protocol/Parser.js:433:10)
    at Parser.write (/Users/libing/Desktop/Code/app/react-blog.github.io/service/react-blog.github.io/node_modules/mysql/lib/protocol/Parser.js:43:10)
    at Protocol.write (/Users/libing/Desktop/Code/app/react-blog.github.io/service/react-blog.github.io/node_modules/mysql/lib/protocol/Protocol.js:38:16)
    at Socket.<anonymous> (/Users/libing/Desktop/Code/app/react-blog.github.io/service/react-blog.github.io/node_modules/mysql/lib/Connection.js:88:28)
    at Socket.<anonymous> (/Users/libing/Desktop/Code/app/react-blog.github.io/service/react-blog.github.io/node_modules/mysql/lib/Connection.js:526:10)
    at Socket.emit (events.js:315:20)
    at addChunk (_stream_readable.js:295:12)
    --------------------
    at Pool.query (/Users/libing/Desktop/Code/app/react-blog.github.io/service/react-blog.github.io/node_modules/mysql/lib/Pool.js:199:23)
    at /Users/libing/Desktop/Code/app/react-blog.github.io/service/react-blog.github.io/node_modules/pify/index.js:29:7
    at new Promise (<anonymous>)
    at Pool.<anonymous> (/Users/libing/Desktop/Code/app/react-blog.github.io/service/react-blog.github.io/node_modules/pify/index.js:12:10)
    at Pool.ret [as query] (/Users/libing/Desktop/Code/app/react-blog.github.io/service/react-blog.github.io/node_modules/pify/index.js:56:34)
    at RDSClient.proto._query (/Users/libing/Desktop/Code/app/react-blog.github.io/service/react-blog.github.io/node_modules/ali-rds/lib/client.js:34:20)
    at RDSClient.proto.query (/Users/libing/Desktop/Code/app/react-blog.github.io/service/react-blog.github.io/node_modules/ali-rds/lib/operator.js:54:29)
    at proto.query.next (<anonymous>)
    at onFulfilled (/Users/libing/Desktop/Code/app/react-blog.github.io/service/react-blog.github.io/node_modules/co/index.js:65:19)
    at /Users/libing/Desktop/Code/app/react-blog.github.io/service/react-blog.github.io/node_modules/co/index.js:54:5
    sql: SELECT article.id as id,article.title as title,article.introduce as introduce,FROM_UNIXTIME(article.addTime,'%Y-%m-%d' ) as addTime,article.view_count as view_count ,type.typeName as typeName FROM article LEFT JOIN type ON article.type_id = type.Id WHERE type_id=1ORDER BY article.id DESC  LIMIT NaN,2
code: "ER_PARSE_ERROR"
errno: 1064
sqlMessage: "You have an error in your SQL syntax; check the manual that corresponds to your MySQL server version for the right syntax to use near 'BY article.id DESC  LIMIT NaN,2' at line 1"
sqlState: "42000"
index: 0
sql: "SELECT article.id as id,article.title as title,article.introduce as introduce,FROM_UNIXTIME(article.addTime,'%Y-%m-%d' ) as addTime,article.view_count as view_count ,type.typeName as typeName FROM article LEFT JOIN type ON article.type_id = type.Id WHERE type_id=1ORDER BY article.id DESC  LIMIT NaN,2"
name: "ER_PARSE_ERRORError"
pid: 67643
hostname: Evans-Li-Mac.local

2020-09-14 16:29:17,443 ERROR 67643 [-/127.0.0.1/-/4ms POST /default/getListByIdLoadMore] nodejs.ER_PARSE_ERRORError: ER_PARSE_ERROR: You have an error in your SQL syntax; check the manual that corresponds to your MySQL server version for the right syntax to use near 'BY article.id DESC  LIMIT NaN,2' at line 1
    at Query.Sequence._packetToError (/Users/libing/Desktop/Code/app/react-blog.github.io/service/react-blog.github.io/node_modules/mysql/lib/protocol/sequences/Sequence.js:47:14)
    at Query.ErrorPacket (/Users/libing/Desktop/Code/app/react-blog.github.io/service/react-blog.github.io/node_modules/mysql/lib/protocol/sequences/Query.js:79:18)
    at Protocol._parsePacket (/Users/libing/Desktop/Code/app/react-blog.github.io/service/react-blog.github.io/node_modules/mysql/lib/protocol/Protocol.js:291:23)
    at Parser._parsePacket (/Users/libing/Desktop/Code/app/react-blog.github.io/service/react-blog.github.io/node_modules/mysql/lib/protocol/Parser.js:433:10)
    at Parser.write (/Users/libing/Desktop/Code/app/react-blog.github.io/service/react-blog.github.io/node_modules/mysql/lib/protocol/Parser.js:43:10)
    at Protocol.write (/Users/libing/Desktop/Code/app/react-blog.github.io/service/react-blog.github.io/node_modules/mysql/lib/protocol/Protocol.js:38:16)
    at Socket.<anonymous> (/Users/libing/Desktop/Code/app/react-blog.github.io/service/react-blog.github.io/node_modules/mysql/lib/Connection.js:88:28)
    at Socket.<anonymous> (/Users/libing/Desktop/Code/app/react-blog.github.io/service/react-blog.github.io/node_modules/mysql/lib/Connection.js:526:10)
    at Socket.emit (events.js:315:20)
    at addChunk (_stream_readable.js:295:12)
    --------------------
    at Pool.query (/Users/libing/Desktop/Code/app/react-blog.github.io/service/react-blog.github.io/node_modules/mysql/lib/Pool.js:199:23)
    at /Users/libing/Desktop/Code/app/react-blog.github.io/service/react-blog.github.io/node_modules/pify/index.js:29:7
    at new Promise (<anonymous>)
    at Pool.<anonymous> (/Users/libing/Desktop/Code/app/react-blog.github.io/service/react-blog.github.io/node_modules/pify/index.js:12:10)
    at Pool.ret [as query] (/Users/libing/Desktop/Code/app/react-blog.github.io/service/react-blog.github.io/node_modules/pify/index.js:56:34)
    at RDSClient.proto._query (/Users/libing/Desktop/Code/app/react-blog.github.io/service/react-blog.github.io/node_modules/ali-rds/lib/client.js:34:20)
    at RDSClient.proto.query (/Users/libing/Desktop/Code/app/react-blog.github.io/service/react-blog.github.io/node_modules/ali-rds/lib/operator.js:54:29)
    at proto.query.next (<anonymous>)
    at onFulfilled (/Users/libing/Desktop/Code/app/react-blog.github.io/service/react-blog.github.io/node_modules/co/index.js:65:19)
    at /Users/libing/Desktop/Code/app/react-blog.github.io/service/react-blog.github.io/node_modules/co/index.js:54:5
    sql: SELECT article.id as id,article.title as title,article.introduce as introduce,FROM_UNIXTIME(article.addTime,'%Y-%m-%d' ) as addTime,article.view_count as view_count ,type.typeName as typeName FROM article LEFT JOIN type ON article.type_id = type.Id WHERE type_id=1ORDER BY article.id DESC  LIMIT NaN,2
code: "ER_PARSE_ERROR"
errno: 1064
sqlMessage: "You have an error in your SQL syntax; check the manual that corresponds to your MySQL server version for the right syntax to use near 'BY article.id DESC  LIMIT NaN,2' at line 1"
sqlState: "42000"
index: 0
sql: "SELECT article.id as id,article.title as title,article.introduce as introduce,FROM_UNIXTIME(article.addTime,'%Y-%m-%d' ) as addTime,article.view_count as view_count ,type.typeName as typeName FROM article LEFT JOIN type ON article.type_id = type.Id WHERE type_id=1ORDER BY article.id DESC  LIMIT NaN,2"
name: "ER_PARSE_ERRORError"
pid: 67643
hostname: Evans-Li-Mac.local

2020-09-14 16:29:53,214 ERROR 67818 [-/127.0.0.1/-/20ms POST /default/getListByIdLoadMore] nodejs.ER_SP_UNDECLARED_VARError: ER_SP_UNDECLARED_VAR: Undeclared variable: NaN
    at Query.Sequence._packetToError (/Users/libing/Desktop/Code/app/react-blog.github.io/service/react-blog.github.io/node_modules/mysql/lib/protocol/sequences/Sequence.js:47:14)
    at Query.ErrorPacket (/Users/libing/Desktop/Code/app/react-blog.github.io/service/react-blog.github.io/node_modules/mysql/lib/protocol/sequences/Query.js:79:18)
    at Protocol._parsePacket (/Users/libing/Desktop/Code/app/react-blog.github.io/service/react-blog.github.io/node_modules/mysql/lib/protocol/Protocol.js:291:23)
    at Parser._parsePacket (/Users/libing/Desktop/Code/app/react-blog.github.io/service/react-blog.github.io/node_modules/mysql/lib/protocol/Parser.js:433:10)
    at Parser.write (/Users/libing/Desktop/Code/app/react-blog.github.io/service/react-blog.github.io/node_modules/mysql/lib/protocol/Parser.js:43:10)
    at Protocol.write (/Users/libing/Desktop/Code/app/react-blog.github.io/service/react-blog.github.io/node_modules/mysql/lib/protocol/Protocol.js:38:16)
    at Socket.<anonymous> (/Users/libing/Desktop/Code/app/react-blog.github.io/service/react-blog.github.io/node_modules/mysql/lib/Connection.js:88:28)
    at Socket.<anonymous> (/Users/libing/Desktop/Code/app/react-blog.github.io/service/react-blog.github.io/node_modules/mysql/lib/Connection.js:526:10)
    at Socket.emit (events.js:315:20)
    at addChunk (_stream_readable.js:295:12)
    --------------------
    at Pool.query (/Users/libing/Desktop/Code/app/react-blog.github.io/service/react-blog.github.io/node_modules/mysql/lib/Pool.js:199:23)
    at /Users/libing/Desktop/Code/app/react-blog.github.io/service/react-blog.github.io/node_modules/pify/index.js:29:7
    at new Promise (<anonymous>)
    at Pool.<anonymous> (/Users/libing/Desktop/Code/app/react-blog.github.io/service/react-blog.github.io/node_modules/pify/index.js:12:10)
    at Pool.ret [as query] (/Users/libing/Desktop/Code/app/react-blog.github.io/service/react-blog.github.io/node_modules/pify/index.js:56:34)
    at RDSClient.proto._query (/Users/libing/Desktop/Code/app/react-blog.github.io/service/react-blog.github.io/node_modules/ali-rds/lib/client.js:34:20)
    at RDSClient.proto.query (/Users/libing/Desktop/Code/app/react-blog.github.io/service/react-blog.github.io/node_modules/ali-rds/lib/operator.js:54:29)
    at proto.query.next (<anonymous>)
    at onFulfilled (/Users/libing/Desktop/Code/app/react-blog.github.io/service/react-blog.github.io/node_modules/co/index.js:65:19)
    at /Users/libing/Desktop/Code/app/react-blog.github.io/service/react-blog.github.io/node_modules/co/index.js:54:5
    sql: SELECT article.id as id,article.title as title,article.introduce as introduce,FROM_UNIXTIME(article.addTime,'%Y-%m-%d' ) as addTime,article.view_count as view_count ,type.typeName as typeName FROM article LEFT JOIN type ON article.type_id = type.Id WHERE type_id=1 ORDER BY article.id DESC LIMIT NaN,2
code: "ER_SP_UNDECLARED_VAR"
errno: 1327
sqlMessage: "Undeclared variable: NaN"
sqlState: "42000"
index: 0
sql: "SELECT article.id as id,article.title as title,article.introduce as introduce,FROM_UNIXTIME(article.addTime,'%Y-%m-%d' ) as addTime,article.view_count as view_count ,type.typeName as typeName FROM article LEFT JOIN type ON article.type_id = type.Id WHERE type_id=1 ORDER BY article.id DESC LIMIT NaN,2"
name: "ER_SP_UNDECLARED_VARError"
pid: 67818
hostname: Evans-Li-Mac.local

2020-09-14 16:51:40,868 ERROR 68169 [-/127.0.0.1/-/3ms POST /default/getListByIdLoadMore] nodejs.ER_SP_UNDECLARED_VARError: ER_SP_UNDECLARED_VAR: Undeclared variable: NaN
    at Query.Sequence._packetToError (/Users/libing/Desktop/Code/app/react-blog.github.io/service/react-blog.github.io/node_modules/mysql/lib/protocol/sequences/Sequence.js:47:14)
    at Query.ErrorPacket (/Users/libing/Desktop/Code/app/react-blog.github.io/service/react-blog.github.io/node_modules/mysql/lib/protocol/sequences/Query.js:79:18)
    at Protocol._parsePacket (/Users/libing/Desktop/Code/app/react-blog.github.io/service/react-blog.github.io/node_modules/mysql/lib/protocol/Protocol.js:291:23)
    at Parser._parsePacket (/Users/libing/Desktop/Code/app/react-blog.github.io/service/react-blog.github.io/node_modules/mysql/lib/protocol/Parser.js:433:10)
    at Parser.write (/Users/libing/Desktop/Code/app/react-blog.github.io/service/react-blog.github.io/node_modules/mysql/lib/protocol/Parser.js:43:10)
    at Protocol.write (/Users/libing/Desktop/Code/app/react-blog.github.io/service/react-blog.github.io/node_modules/mysql/lib/protocol/Protocol.js:38:16)
    at Socket.<anonymous> (/Users/libing/Desktop/Code/app/react-blog.github.io/service/react-blog.github.io/node_modules/mysql/lib/Connection.js:88:28)
    at Socket.<anonymous> (/Users/libing/Desktop/Code/app/react-blog.github.io/service/react-blog.github.io/node_modules/mysql/lib/Connection.js:526:10)
    at Socket.emit (events.js:315:20)
    at addChunk (_stream_readable.js:295:12)
    --------------------
    at Pool.query (/Users/libing/Desktop/Code/app/react-blog.github.io/service/react-blog.github.io/node_modules/mysql/lib/Pool.js:199:23)
    at /Users/libing/Desktop/Code/app/react-blog.github.io/service/react-blog.github.io/node_modules/pify/index.js:29:7
    at new Promise (<anonymous>)
    at Pool.<anonymous> (/Users/libing/Desktop/Code/app/react-blog.github.io/service/react-blog.github.io/node_modules/pify/index.js:12:10)
    at Pool.ret [as query] (/Users/libing/Desktop/Code/app/react-blog.github.io/service/react-blog.github.io/node_modules/pify/index.js:56:34)
    at RDSClient.proto._query (/Users/libing/Desktop/Code/app/react-blog.github.io/service/react-blog.github.io/node_modules/ali-rds/lib/client.js:34:20)
    at RDSClient.proto.query (/Users/libing/Desktop/Code/app/react-blog.github.io/service/react-blog.github.io/node_modules/ali-rds/lib/operator.js:54:29)
    at proto.query.next (<anonymous>)
    at onFulfilled (/Users/libing/Desktop/Code/app/react-blog.github.io/service/react-blog.github.io/node_modules/co/index.js:65:19)
    at /Users/libing/Desktop/Code/app/react-blog.github.io/service/react-blog.github.io/node_modules/co/index.js:54:5
    sql: SELECT article.id as id,article.title as title,article.introduce as introduce,FROM_UNIXTIME(article.addTime,'%Y-%m-%d' ) as addTime,article.view_count as view_count ,type.typeName as typeName FROM article LEFT JOIN type ON article.type_id = type.Id WHERE type_id=1 ORDER BY article.id DESC LIMIT NaN,2
code: "ER_SP_UNDECLARED_VAR"
errno: 1327
sqlMessage: "Undeclared variable: NaN"
sqlState: "42000"
index: 0
sql: "SELECT article.id as id,article.title as title,article.introduce as introduce,FROM_UNIXTIME(article.addTime,'%Y-%m-%d' ) as addTime,article.view_count as view_count ,type.typeName as typeName FROM article LEFT JOIN type ON article.type_id = type.Id WHERE type_id=1 ORDER BY article.id DESC LIMIT NaN,2"
headers: {"Access-Control-Allow-Origin":"http://localhost:3000","Access-Control-Allow-Credentials":"true","vary":"Origin"}
name: "ER_SP_UNDECLARED_VARError"
pid: 68169
hostname: Evans-Li-Mac.local

2020-09-14 16:51:54,351 ERROR 68169 [-/127.0.0.1/-/2ms POST /default/getListByIdLoadMore] nodejs.ER_SP_UNDECLARED_VARError: ER_SP_UNDECLARED_VAR: Undeclared variable: NaN
    at Query.Sequence._packetToError (/Users/libing/Desktop/Code/app/react-blog.github.io/service/react-blog.github.io/node_modules/mysql/lib/protocol/sequences/Sequence.js:47:14)
    at Query.ErrorPacket (/Users/libing/Desktop/Code/app/react-blog.github.io/service/react-blog.github.io/node_modules/mysql/lib/protocol/sequences/Query.js:79:18)
    at Protocol._parsePacket (/Users/libing/Desktop/Code/app/react-blog.github.io/service/react-blog.github.io/node_modules/mysql/lib/protocol/Protocol.js:291:23)
    at Parser._parsePacket (/Users/libing/Desktop/Code/app/react-blog.github.io/service/react-blog.github.io/node_modules/mysql/lib/protocol/Parser.js:433:10)
    at Parser.write (/Users/libing/Desktop/Code/app/react-blog.github.io/service/react-blog.github.io/node_modules/mysql/lib/protocol/Parser.js:43:10)
    at Protocol.write (/Users/libing/Desktop/Code/app/react-blog.github.io/service/react-blog.github.io/node_modules/mysql/lib/protocol/Protocol.js:38:16)
    at Socket.<anonymous> (/Users/libing/Desktop/Code/app/react-blog.github.io/service/react-blog.github.io/node_modules/mysql/lib/Connection.js:88:28)
    at Socket.<anonymous> (/Users/libing/Desktop/Code/app/react-blog.github.io/service/react-blog.github.io/node_modules/mysql/lib/Connection.js:526:10)
    at Socket.emit (events.js:315:20)
    at addChunk (_stream_readable.js:295:12)
    --------------------
    at Pool.query (/Users/libing/Desktop/Code/app/react-blog.github.io/service/react-blog.github.io/node_modules/mysql/lib/Pool.js:199:23)
    at /Users/libing/Desktop/Code/app/react-blog.github.io/service/react-blog.github.io/node_modules/pify/index.js:29:7
    at new Promise (<anonymous>)
    at Pool.<anonymous> (/Users/libing/Desktop/Code/app/react-blog.github.io/service/react-blog.github.io/node_modules/pify/index.js:12:10)
    at Pool.ret [as query] (/Users/libing/Desktop/Code/app/react-blog.github.io/service/react-blog.github.io/node_modules/pify/index.js:56:34)
    at RDSClient.proto._query (/Users/libing/Desktop/Code/app/react-blog.github.io/service/react-blog.github.io/node_modules/ali-rds/lib/client.js:34:20)
    at RDSClient.proto.query (/Users/libing/Desktop/Code/app/react-blog.github.io/service/react-blog.github.io/node_modules/ali-rds/lib/operator.js:54:29)
    at proto.query.next (<anonymous>)
    at onFulfilled (/Users/libing/Desktop/Code/app/react-blog.github.io/service/react-blog.github.io/node_modules/co/index.js:65:19)
    at /Users/libing/Desktop/Code/app/react-blog.github.io/service/react-blog.github.io/node_modules/co/index.js:54:5
    sql: SELECT article.id as id,article.title as title,article.introduce as introduce,FROM_UNIXTIME(article.addTime,'%Y-%m-%d' ) as addTime,article.view_count as view_count ,type.typeName as typeName FROM article LEFT JOIN type ON article.type_id = type.Id WHERE type_id=1 ORDER BY article.id DESC LIMIT NaN,2
code: "ER_SP_UNDECLARED_VAR"
errno: 1327
sqlMessage: "Undeclared variable: NaN"
sqlState: "42000"
index: 0
sql: "SELECT article.id as id,article.title as title,article.introduce as introduce,FROM_UNIXTIME(article.addTime,'%Y-%m-%d' ) as addTime,article.view_count as view_count ,type.typeName as typeName FROM article LEFT JOIN type ON article.type_id = type.Id WHERE type_id=1 ORDER BY article.id DESC LIMIT NaN,2"
headers: {"Access-Control-Allow-Origin":"http://localhost:3000","Access-Control-Allow-Credentials":"true","vary":"Origin"}
name: "ER_SP_UNDECLARED_VARError"
pid: 68169
hostname: Evans-Li-Mac.local

2020-09-14 16:52:10,984 ERROR 68169 [-/127.0.0.1/-/2ms POST /default/getListByIdLoadMore] nodejs.ER_SP_UNDECLARED_VARError: ER_SP_UNDECLARED_VAR: Undeclared variable: NaN
    at Query.Sequence._packetToError (/Users/libing/Desktop/Code/app/react-blog.github.io/service/react-blog.github.io/node_modules/mysql/lib/protocol/sequences/Sequence.js:47:14)
    at Query.ErrorPacket (/Users/libing/Desktop/Code/app/react-blog.github.io/service/react-blog.github.io/node_modules/mysql/lib/protocol/sequences/Query.js:79:18)
    at Protocol._parsePacket (/Users/libing/Desktop/Code/app/react-blog.github.io/service/react-blog.github.io/node_modules/mysql/lib/protocol/Protocol.js:291:23)
    at Parser._parsePacket (/Users/libing/Desktop/Code/app/react-blog.github.io/service/react-blog.github.io/node_modules/mysql/lib/protocol/Parser.js:433:10)
    at Parser.write (/Users/libing/Desktop/Code/app/react-blog.github.io/service/react-blog.github.io/node_modules/mysql/lib/protocol/Parser.js:43:10)
    at Protocol.write (/Users/libing/Desktop/Code/app/react-blog.github.io/service/react-blog.github.io/node_modules/mysql/lib/protocol/Protocol.js:38:16)
    at Socket.<anonymous> (/Users/libing/Desktop/Code/app/react-blog.github.io/service/react-blog.github.io/node_modules/mysql/lib/Connection.js:88:28)
    at Socket.<anonymous> (/Users/libing/Desktop/Code/app/react-blog.github.io/service/react-blog.github.io/node_modules/mysql/lib/Connection.js:526:10)
    at Socket.emit (events.js:315:20)
    at addChunk (_stream_readable.js:295:12)
    --------------------
    at Pool.query (/Users/libing/Desktop/Code/app/react-blog.github.io/service/react-blog.github.io/node_modules/mysql/lib/Pool.js:199:23)
    at /Users/libing/Desktop/Code/app/react-blog.github.io/service/react-blog.github.io/node_modules/pify/index.js:29:7
    at new Promise (<anonymous>)
    at Pool.<anonymous> (/Users/libing/Desktop/Code/app/react-blog.github.io/service/react-blog.github.io/node_modules/pify/index.js:12:10)
    at Pool.ret [as query] (/Users/libing/Desktop/Code/app/react-blog.github.io/service/react-blog.github.io/node_modules/pify/index.js:56:34)
    at RDSClient.proto._query (/Users/libing/Desktop/Code/app/react-blog.github.io/service/react-blog.github.io/node_modules/ali-rds/lib/client.js:34:20)
    at RDSClient.proto.query (/Users/libing/Desktop/Code/app/react-blog.github.io/service/react-blog.github.io/node_modules/ali-rds/lib/operator.js:54:29)
    at proto.query.next (<anonymous>)
    at onFulfilled (/Users/libing/Desktop/Code/app/react-blog.github.io/service/react-blog.github.io/node_modules/co/index.js:65:19)
    at /Users/libing/Desktop/Code/app/react-blog.github.io/service/react-blog.github.io/node_modules/co/index.js:54:5
    sql: SELECT article.id as id,article.title as title,article.introduce as introduce,FROM_UNIXTIME(article.addTime,'%Y-%m-%d' ) as addTime,article.view_count as view_count ,type.typeName as typeName FROM article LEFT JOIN type ON article.type_id = type.Id WHERE type_id=2 ORDER BY article.id DESC LIMIT NaN,2
code: "ER_SP_UNDECLARED_VAR"
errno: 1327
sqlMessage: "Undeclared variable: NaN"
sqlState: "42000"
index: 0
sql: "SELECT article.id as id,article.title as title,article.introduce as introduce,FROM_UNIXTIME(article.addTime,'%Y-%m-%d' ) as addTime,article.view_count as view_count ,type.typeName as typeName FROM article LEFT JOIN type ON article.type_id = type.Id WHERE type_id=2 ORDER BY article.id DESC LIMIT NaN,2"
headers: {"Access-Control-Allow-Origin":"http://localhost:3000","Access-Control-Allow-Credentials":"true","vary":"Origin"}
name: "ER_SP_UNDECLARED_VARError"
pid: 68169
hostname: Evans-Li-Mac.local

2020-09-14 16:53:01,876 ERROR 68169 [-/127.0.0.1/-/2ms POST /default/getListByIdLoadMore] nodejs.ER_SP_UNDECLARED_VARError: ER_SP_UNDECLARED_VAR: Undeclared variable: NaN
    at Query.Sequence._packetToError (/Users/libing/Desktop/Code/app/react-blog.github.io/service/react-blog.github.io/node_modules/mysql/lib/protocol/sequences/Sequence.js:47:14)
    at Query.ErrorPacket (/Users/libing/Desktop/Code/app/react-blog.github.io/service/react-blog.github.io/node_modules/mysql/lib/protocol/sequences/Query.js:79:18)
    at Protocol._parsePacket (/Users/libing/Desktop/Code/app/react-blog.github.io/service/react-blog.github.io/node_modules/mysql/lib/protocol/Protocol.js:291:23)
    at Parser._parsePacket (/Users/libing/Desktop/Code/app/react-blog.github.io/service/react-blog.github.io/node_modules/mysql/lib/protocol/Parser.js:433:10)
    at Parser.write (/Users/libing/Desktop/Code/app/react-blog.github.io/service/react-blog.github.io/node_modules/mysql/lib/protocol/Parser.js:43:10)
    at Protocol.write (/Users/libing/Desktop/Code/app/react-blog.github.io/service/react-blog.github.io/node_modules/mysql/lib/protocol/Protocol.js:38:16)
    at Socket.<anonymous> (/Users/libing/Desktop/Code/app/react-blog.github.io/service/react-blog.github.io/node_modules/mysql/lib/Connection.js:88:28)
    at Socket.<anonymous> (/Users/libing/Desktop/Code/app/react-blog.github.io/service/react-blog.github.io/node_modules/mysql/lib/Connection.js:526:10)
    at Socket.emit (events.js:315:20)
    at addChunk (_stream_readable.js:295:12)
    --------------------
    at Pool.query (/Users/libing/Desktop/Code/app/react-blog.github.io/service/react-blog.github.io/node_modules/mysql/lib/Pool.js:199:23)
    at /Users/libing/Desktop/Code/app/react-blog.github.io/service/react-blog.github.io/node_modules/pify/index.js:29:7
    at new Promise (<anonymous>)
    at Pool.<anonymous> (/Users/libing/Desktop/Code/app/react-blog.github.io/service/react-blog.github.io/node_modules/pify/index.js:12:10)
    at Pool.ret [as query] (/Users/libing/Desktop/Code/app/react-blog.github.io/service/react-blog.github.io/node_modules/pify/index.js:56:34)
    at RDSClient.proto._query (/Users/libing/Desktop/Code/app/react-blog.github.io/service/react-blog.github.io/node_modules/ali-rds/lib/client.js:34:20)
    at RDSClient.proto.query (/Users/libing/Desktop/Code/app/react-blog.github.io/service/react-blog.github.io/node_modules/ali-rds/lib/operator.js:54:29)
    at proto.query.next (<anonymous>)
    at onFulfilled (/Users/libing/Desktop/Code/app/react-blog.github.io/service/react-blog.github.io/node_modules/co/index.js:65:19)
    at /Users/libing/Desktop/Code/app/react-blog.github.io/service/react-blog.github.io/node_modules/co/index.js:54:5
    sql: SELECT article.id as id,article.title as title,article.introduce as introduce,FROM_UNIXTIME(article.addTime,'%Y-%m-%d' ) as addTime,article.view_count as view_count ,type.typeName as typeName FROM article LEFT JOIN type ON article.type_id = type.Id WHERE type_id=1 ORDER BY article.id DESC LIMIT NaN,2
code: "ER_SP_UNDECLARED_VAR"
errno: 1327
sqlMessage: "Undeclared variable: NaN"
sqlState: "42000"
index: 0
sql: "SELECT article.id as id,article.title as title,article.introduce as introduce,FROM_UNIXTIME(article.addTime,'%Y-%m-%d' ) as addTime,article.view_count as view_count ,type.typeName as typeName FROM article LEFT JOIN type ON article.type_id = type.Id WHERE type_id=1 ORDER BY article.id DESC LIMIT NaN,2"
headers: {"Access-Control-Allow-Origin":"http://localhost:3000","Access-Control-Allow-Credentials":"true","vary":"Origin"}
name: "ER_SP_UNDECLARED_VARError"
pid: 68169
hostname: Evans-Li-Mac.local

2020-09-14 16:53:12,827 ERROR 68169 [-/127.0.0.1/-/1ms POST /default/getListByIdLoadMore] nodejs.ER_SP_UNDECLARED_VARError: ER_SP_UNDECLARED_VAR: Undeclared variable: NaN
    at Query.Sequence._packetToError (/Users/libing/Desktop/Code/app/react-blog.github.io/service/react-blog.github.io/node_modules/mysql/lib/protocol/sequences/Sequence.js:47:14)
    at Query.ErrorPacket (/Users/libing/Desktop/Code/app/react-blog.github.io/service/react-blog.github.io/node_modules/mysql/lib/protocol/sequences/Query.js:79:18)
    at Protocol._parsePacket (/Users/libing/Desktop/Code/app/react-blog.github.io/service/react-blog.github.io/node_modules/mysql/lib/protocol/Protocol.js:291:23)
    at Parser._parsePacket (/Users/libing/Desktop/Code/app/react-blog.github.io/service/react-blog.github.io/node_modules/mysql/lib/protocol/Parser.js:433:10)
    at Parser.write (/Users/libing/Desktop/Code/app/react-blog.github.io/service/react-blog.github.io/node_modules/mysql/lib/protocol/Parser.js:43:10)
    at Protocol.write (/Users/libing/Desktop/Code/app/react-blog.github.io/service/react-blog.github.io/node_modules/mysql/lib/protocol/Protocol.js:38:16)
    at Socket.<anonymous> (/Users/libing/Desktop/Code/app/react-blog.github.io/service/react-blog.github.io/node_modules/mysql/lib/Connection.js:88:28)
    at Socket.<anonymous> (/Users/libing/Desktop/Code/app/react-blog.github.io/service/react-blog.github.io/node_modules/mysql/lib/Connection.js:526:10)
    at Socket.emit (events.js:315:20)
    at addChunk (_stream_readable.js:295:12)
    --------------------
    at Pool.query (/Users/libing/Desktop/Code/app/react-blog.github.io/service/react-blog.github.io/node_modules/mysql/lib/Pool.js:199:23)
    at /Users/libing/Desktop/Code/app/react-blog.github.io/service/react-blog.github.io/node_modules/pify/index.js:29:7
    at new Promise (<anonymous>)
    at Pool.<anonymous> (/Users/libing/Desktop/Code/app/react-blog.github.io/service/react-blog.github.io/node_modules/pify/index.js:12:10)
    at Pool.ret [as query] (/Users/libing/Desktop/Code/app/react-blog.github.io/service/react-blog.github.io/node_modules/pify/index.js:56:34)
    at RDSClient.proto._query (/Users/libing/Desktop/Code/app/react-blog.github.io/service/react-blog.github.io/node_modules/ali-rds/lib/client.js:34:20)
    at RDSClient.proto.query (/Users/libing/Desktop/Code/app/react-blog.github.io/service/react-blog.github.io/node_modules/ali-rds/lib/operator.js:54:29)
    at proto.query.next (<anonymous>)
    at onFulfilled (/Users/libing/Desktop/Code/app/react-blog.github.io/service/react-blog.github.io/node_modules/co/index.js:65:19)
    at /Users/libing/Desktop/Code/app/react-blog.github.io/service/react-blog.github.io/node_modules/co/index.js:54:5
    sql: SELECT article.id as id,article.title as title,article.introduce as introduce,FROM_UNIXTIME(article.addTime,'%Y-%m-%d' ) as addTime,article.view_count as view_count ,type.typeName as typeName FROM article LEFT JOIN type ON article.type_id = type.Id WHERE type_id=2 ORDER BY article.id DESC LIMIT NaN,2
code: "ER_SP_UNDECLARED_VAR"
errno: 1327
sqlMessage: "Undeclared variable: NaN"
sqlState: "42000"
index: 0
sql: "SELECT article.id as id,article.title as title,article.introduce as introduce,FROM_UNIXTIME(article.addTime,'%Y-%m-%d' ) as addTime,article.view_count as view_count ,type.typeName as typeName FROM article LEFT JOIN type ON article.type_id = type.Id WHERE type_id=2 ORDER BY article.id DESC LIMIT NaN,2"
headers: {"Access-Control-Allow-Origin":"http://localhost:3000","Access-Control-Allow-Credentials":"true","vary":"Origin"}
name: "ER_SP_UNDECLARED_VARError"
pid: 68169
hostname: Evans-Li-Mac.local

