2020-09-14 11:04:20,475 INFO 46398 [egg-schedule]: register schedule /Users/libing/Desktop/Code/app/react-blog.github.io/service/react-blog.github.io/node_modules/egg-multipart/app/schedule/clean_tmpdir.js
2020-09-14 11:04:20,475 INFO 46398 [egg-schedule]: register schedule /Users/libing/Desktop/Code/app/react-blog.github.io/service/react-blog.github.io/node_modules/egg-logrotator/app/schedule/clean_log.js
2020-09-14 11:04:20,475 INFO 46398 [egg-schedule]: register schedule /Users/libing/Desktop/Code/app/react-blog.github.io/service/react-blog.github.io/node_modules/egg-logrotator/app/schedule/rotate_by_file.js
2020-09-14 11:06:56,847 INFO 46515 [egg-schedule]: register schedule /Users/libing/Desktop/Code/app/react-blog.github.io/service/react-blog.github.io/node_modules/egg-multipart/app/schedule/clean_tmpdir.js
2020-09-14 11:06:56,847 INFO 46515 [egg-schedule]: register schedule /Users/libing/Desktop/Code/app/react-blog.github.io/service/react-blog.github.io/node_modules/egg-logrotator/app/schedule/clean_log.js
2020-09-14 11:06:56,847 INFO 46515 [egg-schedule]: register schedule /Users/libing/Desktop/Code/app/react-blog.github.io/service/react-blog.github.io/node_modules/egg-logrotator/app/schedule/rotate_by_file.js
2020-09-14 11:09:52,398 INFO 46789 [egg-schedule]: register schedule /Users/libing/Desktop/Code/app/react-blog.github.io/service/react-blog.github.io/node_modules/egg-multipart/app/schedule/clean_tmpdir.js
2020-09-14 11:09:52,398 INFO 46789 [egg-schedule]: register schedule /Users/libing/Desktop/Code/app/react-blog.github.io/service/react-blog.github.io/node_modules/egg-logrotator/app/schedule/clean_log.js
2020-09-14 11:09:52,398 INFO 46789 [egg-schedule]: register schedule /Users/libing/Desktop/Code/app/react-blog.github.io/service/react-blog.github.io/node_modules/egg-logrotator/app/schedule/rotate_by_file.js
2020-09-14 11:10:32,315 INFO 46861 [egg-schedule]: register schedule /Users/libing/Desktop/Code/app/react-blog.github.io/service/react-blog.github.io/node_modules/egg-multipart/app/schedule/clean_tmpdir.js
2020-09-14 11:10:32,315 INFO 46861 [egg-schedule]: register schedule /Users/libing/Desktop/Code/app/react-blog.github.io/service/react-blog.github.io/node_modules/egg-logrotator/app/schedule/clean_log.js
2020-09-14 11:10:32,315 INFO 46861 [egg-schedule]: register schedule /Users/libing/Desktop/Code/app/react-blog.github.io/service/react-blog.github.io/node_modules/egg-logrotator/app/schedule/rotate_by_file.js
2020-09-14 11:17:01,638 INFO 47395 [egg-schedule]: register schedule /Users/libing/Desktop/Code/app/react-blog.github.io/service/react-blog.github.io/node_modules/egg-multipart/app/schedule/clean_tmpdir.js
2020-09-14 11:17:01,638 INFO 47395 [egg-schedule]: register schedule /Users/libing/Desktop/Code/app/react-blog.github.io/service/react-blog.github.io/node_modules/egg-logrotator/app/schedule/clean_log.js
2020-09-14 11:17:01,638 INFO 47395 [egg-schedule]: register schedule /Users/libing/Desktop/Code/app/react-blog.github.io/service/react-blog.github.io/node_modules/egg-logrotator/app/schedule/rotate_by_file.js
2020-09-14 11:18:09,035 INFO 47489 [egg-schedule]: register schedule /Users/libing/Desktop/Code/app/react-blog.github.io/service/react-blog.github.io/node_modules/egg-multipart/app/schedule/clean_tmpdir.js
2020-09-14 11:18:09,035 INFO 47489 [egg-schedule]: register schedule /Users/libing/Desktop/Code/app/react-blog.github.io/service/react-blog.github.io/node_modules/egg-logrotator/app/schedule/clean_log.js
2020-09-14 11:18:09,035 INFO 47489 [egg-schedule]: register schedule /Users/libing/Desktop/Code/app/react-blog.github.io/service/react-blog.github.io/node_modules/egg-logrotator/app/schedule/rotate_by_file.js
2020-09-14 11:19:37,122 INFO 47625 [egg-schedule]: register schedule /Users/libing/Desktop/Code/app/react-blog.github.io/service/react-blog.github.io/node_modules/egg-multipart/app/schedule/clean_tmpdir.js
2020-09-14 11:19:37,122 INFO 47625 [egg-schedule]: register schedule /Users/libing/Desktop/Code/app/react-blog.github.io/service/react-blog.github.io/node_modules/egg-logrotator/app/schedule/clean_log.js
2020-09-14 11:19:37,122 INFO 47625 [egg-schedule]: register schedule /Users/libing/Desktop/Code/app/react-blog.github.io/service/react-blog.github.io/node_modules/egg-logrotator/app/schedule/rotate_by_file.js
2020-09-14 11:22:24,818 INFO 47859 [egg-schedule]: register schedule /Users/libing/Desktop/Code/app/react-blog.github.io/service/react-blog.github.io/node_modules/egg-multipart/app/schedule/clean_tmpdir.js
2020-09-14 11:22:24,818 INFO 47859 [egg-schedule]: register schedule /Users/libing/Desktop/Code/app/react-blog.github.io/service/react-blog.github.io/node_modules/egg-logrotator/app/schedule/clean_log.js
2020-09-14 11:22:24,818 INFO 47859 [egg-schedule]: register schedule /Users/libing/Desktop/Code/app/react-blog.github.io/service/react-blog.github.io/node_modules/egg-logrotator/app/schedule/rotate_by_file.js
2020-09-14 11:22:40,798 INFO 47935 [egg-schedule]: register schedule /Users/libing/Desktop/Code/app/react-blog.github.io/service/react-blog.github.io/node_modules/egg-multipart/app/schedule/clean_tmpdir.js
2020-09-14 11:22:40,798 INFO 47935 [egg-schedule]: register schedule /Users/libing/Desktop/Code/app/react-blog.github.io/service/react-blog.github.io/node_modules/egg-logrotator/app/schedule/clean_log.js
2020-09-14 11:22:40,798 INFO 47935 [egg-schedule]: register schedule /Users/libing/Desktop/Code/app/react-blog.github.io/service/react-blog.github.io/node_modules/egg-logrotator/app/schedule/rotate_by_file.js
2020-09-14 11:22:42,452 INFO 47943 [egg-schedule]: register schedule /Users/libing/Desktop/Code/app/react-blog.github.io/service/react-blog.github.io/node_modules/egg-multipart/app/schedule/clean_tmpdir.js
2020-09-14 11:22:42,452 INFO 47943 [egg-schedule]: register schedule /Users/libing/Desktop/Code/app/react-blog.github.io/service/react-blog.github.io/node_modules/egg-logrotator/app/schedule/clean_log.js
2020-09-14 11:22:42,452 INFO 47943 [egg-schedule]: register schedule /Users/libing/Desktop/Code/app/react-blog.github.io/service/react-blog.github.io/node_modules/egg-logrotator/app/schedule/rotate_by_file.js
2020-09-14 11:24:32,210 INFO 48108 [egg-schedule]: register schedule /Users/libing/Desktop/Code/app/react-blog.github.io/service/react-blog.github.io/node_modules/egg-multipart/app/schedule/clean_tmpdir.js
2020-09-14 11:24:32,210 INFO 48108 [egg-schedule]: register schedule /Users/libing/Desktop/Code/app/react-blog.github.io/service/react-blog.github.io/node_modules/egg-logrotator/app/schedule/clean_log.js
2020-09-14 11:24:32,210 INFO 48108 [egg-schedule]: register schedule /Users/libing/Desktop/Code/app/react-blog.github.io/service/react-blog.github.io/node_modules/egg-logrotator/app/schedule/rotate_by_file.js
2020-09-14 11:25:38,477 INFO 48261 [Timer] /Users/libing/Desktop/Code/app/react-blog.github.io/service/react-blog.github.io/node_modules/egg-multipart/app/schedule/clean_tmpdir.js next time will execute after 61461524ms at 2020-09-15 04:30:00.001
2020-09-14 11:25:38,478 INFO 48261 [Timer] /Users/libing/Desktop/Code/app/react-blog.github.io/service/react-blog.github.io/node_modules/egg-logrotator/app/schedule/clean_log.js next time will execute after 45261522ms at 2020-09-15 00:00:00.000
2020-09-14 11:25:38,478 INFO 48261 [Timer] /Users/libing/Desktop/Code/app/react-blog.github.io/service/react-blog.github.io/node_modules/egg-logrotator/app/schedule/rotate_by_file.js next time will execute after 45262522ms at 2020-09-15 00:00:01.000
2020-09-14 11:25:38,322 INFO 48263 [egg-schedule]: register schedule /Users/libing/Desktop/Code/app/react-blog.github.io/service/react-blog.github.io/node_modules/egg-multipart/app/schedule/clean_tmpdir.js
2020-09-14 11:25:38,322 INFO 48263 [egg-schedule]: register schedule /Users/libing/Desktop/Code/app/react-blog.github.io/service/react-blog.github.io/node_modules/egg-logrotator/app/schedule/clean_log.js
2020-09-14 11:25:38,322 INFO 48263 [egg-schedule]: register schedule /Users/libing/Desktop/Code/app/react-blog.github.io/service/react-blog.github.io/node_modules/egg-logrotator/app/schedule/rotate_by_file.js
2020-09-14 11:27:05,907 INFO 48351 [egg-schedule]: register schedule /Users/libing/Desktop/Code/app/react-blog.github.io/service/react-blog.github.io/node_modules/egg-multipart/app/schedule/clean_tmpdir.js
2020-09-14 11:27:05,907 INFO 48351 [egg-schedule]: register schedule /Users/libing/Desktop/Code/app/react-blog.github.io/service/react-blog.github.io/node_modules/egg-logrotator/app/schedule/clean_log.js
2020-09-14 11:27:05,907 INFO 48351 [egg-schedule]: register schedule /Users/libing/Desktop/Code/app/react-blog.github.io/service/react-blog.github.io/node_modules/egg-logrotator/app/schedule/rotate_by_file.js
2020-09-14 11:27:10,372 INFO 48387 [egg-schedule]: register schedule /Users/libing/Desktop/Code/app/react-blog.github.io/service/react-blog.github.io/node_modules/egg-multipart/app/schedule/clean_tmpdir.js
2020-09-14 11:27:10,372 INFO 48387 [egg-schedule]: register schedule /Users/libing/Desktop/Code/app/react-blog.github.io/service/react-blog.github.io/node_modules/egg-logrotator/app/schedule/clean_log.js
2020-09-14 11:27:10,372 INFO 48387 [egg-schedule]: register schedule /Users/libing/Desktop/Code/app/react-blog.github.io/service/react-blog.github.io/node_modules/egg-logrotator/app/schedule/rotate_by_file.js
2020-09-14 11:27:14,228 INFO 48400 [egg-schedule]: register schedule /Users/libing/Desktop/Code/app/react-blog.github.io/service/react-blog.github.io/node_modules/egg-multipart/app/schedule/clean_tmpdir.js
2020-09-14 11:27:14,228 INFO 48400 [egg-schedule]: register schedule /Users/libing/Desktop/Code/app/react-blog.github.io/service/react-blog.github.io/node_modules/egg-logrotator/app/schedule/clean_log.js
2020-09-14 11:27:14,228 INFO 48400 [egg-schedule]: register schedule /Users/libing/Desktop/Code/app/react-blog.github.io/service/react-blog.github.io/node_modules/egg-logrotator/app/schedule/rotate_by_file.js
2020-09-14 11:27:33,441 INFO 48468 [egg-schedule]: register schedule /Users/libing/Desktop/Code/app/react-blog.github.io/service/react-blog.github.io/node_modules/egg-multipart/app/schedule/clean_tmpdir.js
2020-09-14 11:27:33,441 INFO 48468 [egg-schedule]: register schedule /Users/libing/Desktop/Code/app/react-blog.github.io/service/react-blog.github.io/node_modules/egg-logrotator/app/schedule/clean_log.js
2020-09-14 11:27:33,441 INFO 48468 [egg-schedule]: register schedule /Users/libing/Desktop/Code/app/react-blog.github.io/service/react-blog.github.io/node_modules/egg-logrotator/app/schedule/rotate_by_file.js
2020-09-14 11:28:48,512 INFO 48521 [egg-schedule]: register schedule /Users/libing/Desktop/Code/app/react-blog.github.io/service/react-blog.github.io/node_modules/egg-multipart/app/schedule/clean_tmpdir.js
2020-09-14 11:28:48,512 INFO 48521 [egg-schedule]: register schedule /Users/libing/Desktop/Code/app/react-blog.github.io/service/react-blog.github.io/node_modules/egg-logrotator/app/schedule/clean_log.js
2020-09-14 11:28:48,512 INFO 48521 [egg-schedule]: register schedule /Users/libing/Desktop/Code/app/react-blog.github.io/service/react-blog.github.io/node_modules/egg-logrotator/app/schedule/rotate_by_file.js
2020-09-14 11:29:38,456 INFO 48634 [egg-schedule]: register schedule /Users/libing/Desktop/Code/app/react-blog.github.io/service/react-blog.github.io/node_modules/egg-multipart/app/schedule/clean_tmpdir.js
2020-09-14 11:29:38,456 INFO 48634 [egg-schedule]: register schedule /Users/libing/Desktop/Code/app/react-blog.github.io/service/react-blog.github.io/node_modules/egg-logrotator/app/schedule/clean_log.js
2020-09-14 11:29:38,456 INFO 48634 [egg-schedule]: register schedule /Users/libing/Desktop/Code/app/react-blog.github.io/service/react-blog.github.io/node_modules/egg-logrotator/app/schedule/rotate_by_file.js
2020-09-14 11:29:55,997 INFO 48669 [egg-schedule]: register schedule /Users/libing/Desktop/Code/app/react-blog.github.io/service/react-blog.github.io/node_modules/egg-multipart/app/schedule/clean_tmpdir.js
2020-09-14 11:29:55,997 INFO 48669 [egg-schedule]: register schedule /Users/libing/Desktop/Code/app/react-blog.github.io/service/react-blog.github.io/node_modules/egg-logrotator/app/schedule/clean_log.js
2020-09-14 11:29:55,997 INFO 48669 [egg-schedule]: register schedule /Users/libing/Desktop/Code/app/react-blog.github.io/service/react-blog.github.io/node_modules/egg-logrotator/app/schedule/rotate_by_file.js
2020-09-14 11:30:07,601 INFO 48689 [egg-schedule]: register schedule /Users/libing/Desktop/Code/app/react-blog.github.io/service/react-blog.github.io/node_modules/egg-multipart/app/schedule/clean_tmpdir.js
2020-09-14 11:30:07,601 INFO 48689 [egg-schedule]: register schedule /Users/libing/Desktop/Code/app/react-blog.github.io/service/react-blog.github.io/node_modules/egg-logrotator/app/schedule/clean_log.js
2020-09-14 11:30:07,601 INFO 48689 [egg-schedule]: register schedule /Users/libing/Desktop/Code/app/react-blog.github.io/service/react-blog.github.io/node_modules/egg-logrotator/app/schedule/rotate_by_file.js
2020-09-14 11:30:29,900 INFO 48736 [egg-schedule]: register schedule /Users/libing/Desktop/Code/app/react-blog.github.io/service/react-blog.github.io/node_modules/egg-multipart/app/schedule/clean_tmpdir.js
2020-09-14 11:30:29,900 INFO 48736 [egg-schedule]: register schedule /Users/libing/Desktop/Code/app/react-blog.github.io/service/react-blog.github.io/node_modules/egg-logrotator/app/schedule/clean_log.js
2020-09-14 11:30:29,900 INFO 48736 [egg-schedule]: register schedule /Users/libing/Desktop/Code/app/react-blog.github.io/service/react-blog.github.io/node_modules/egg-logrotator/app/schedule/rotate_by_file.js
2020-09-14 11:30:31,272 INFO 48742 [egg-schedule]: register schedule /Users/libing/Desktop/Code/app/react-blog.github.io/service/react-blog.github.io/node_modules/egg-multipart/app/schedule/clean_tmpdir.js
2020-09-14 11:30:31,272 INFO 48742 [egg-schedule]: register schedule /Users/libing/Desktop/Code/app/react-blog.github.io/service/react-blog.github.io/node_modules/egg-logrotator/app/schedule/clean_log.js
2020-09-14 11:30:31,272 INFO 48742 [egg-schedule]: register schedule /Users/libing/Desktop/Code/app/react-blog.github.io/service/react-blog.github.io/node_modules/egg-logrotator/app/schedule/rotate_by_file.js
2020-09-14 11:30:33,416 INFO 48753 [egg-schedule]: register schedule /Users/libing/Desktop/Code/app/react-blog.github.io/service/react-blog.github.io/node_modules/egg-multipart/app/schedule/clean_tmpdir.js
2020-09-14 11:30:33,416 INFO 48753 [egg-schedule]: register schedule /Users/libing/Desktop/Code/app/react-blog.github.io/service/react-blog.github.io/node_modules/egg-logrotator/app/schedule/clean_log.js
2020-09-14 11:30:33,416 INFO 48753 [egg-schedule]: register schedule /Users/libing/Desktop/Code/app/react-blog.github.io/service/react-blog.github.io/node_modules/egg-logrotator/app/schedule/rotate_by_file.js
2020-09-14 12:24:41,793 INFO 51237 [egg-schedule]: register schedule /Users/libing/Desktop/Code/app/react-blog.github.io/service/react-blog.github.io/node_modules/egg-multipart/app/schedule/clean_tmpdir.js
2020-09-14 12:24:41,793 INFO 51237 [egg-schedule]: register schedule /Users/libing/Desktop/Code/app/react-blog.github.io/service/react-blog.github.io/node_modules/egg-logrotator/app/schedule/clean_log.js
2020-09-14 12:24:41,793 INFO 51237 [egg-schedule]: register schedule /Users/libing/Desktop/Code/app/react-blog.github.io/service/react-blog.github.io/node_modules/egg-logrotator/app/schedule/rotate_by_file.js
2020-09-14 12:24:50,260 INFO 51262 [egg-schedule]: register schedule /Users/libing/Desktop/Code/app/react-blog.github.io/service/react-blog.github.io/node_modules/egg-multipart/app/schedule/clean_tmpdir.js
2020-09-14 12:24:50,260 INFO 51262 [egg-schedule]: register schedule /Users/libing/Desktop/Code/app/react-blog.github.io/service/react-blog.github.io/node_modules/egg-logrotator/app/schedule/clean_log.js
2020-09-14 12:24:50,260 INFO 51262 [egg-schedule]: register schedule /Users/libing/Desktop/Code/app/react-blog.github.io/service/react-blog.github.io/node_modules/egg-logrotator/app/schedule/rotate_by_file.js
2020-09-14 13:53:23,418 INFO 55724 [egg-schedule]: register schedule /Users/libing/Desktop/Code/app/react-blog.github.io/service/react-blog.github.io/node_modules/egg-multipart/app/schedule/clean_tmpdir.js
2020-09-14 13:53:23,418 INFO 55724 [egg-schedule]: register schedule /Users/libing/Desktop/Code/app/react-blog.github.io/service/react-blog.github.io/node_modules/egg-logrotator/app/schedule/clean_log.js
2020-09-14 13:53:23,418 INFO 55724 [egg-schedule]: register schedule /Users/libing/Desktop/Code/app/react-blog.github.io/service/react-blog.github.io/node_modules/egg-logrotator/app/schedule/rotate_by_file.js
2020-09-14 13:53:55,903 INFO 55763 [egg-schedule]: register schedule /Users/libing/Desktop/Code/app/react-blog.github.io/service/react-blog.github.io/node_modules/egg-multipart/app/schedule/clean_tmpdir.js
2020-09-14 13:53:55,903 INFO 55763 [egg-schedule]: register schedule /Users/libing/Desktop/Code/app/react-blog.github.io/service/react-blog.github.io/node_modules/egg-logrotator/app/schedule/clean_log.js
2020-09-14 13:53:55,903 INFO 55763 [egg-schedule]: register schedule /Users/libing/Desktop/Code/app/react-blog.github.io/service/react-blog.github.io/node_modules/egg-logrotator/app/schedule/rotate_by_file.js
2020-09-14 14:12:09,738 INFO 57330 [egg-schedule]: register schedule /Users/libing/Desktop/Code/app/react-blog.github.io/service/react-blog.github.io/node_modules/egg-multipart/app/schedule/clean_tmpdir.js
2020-09-14 14:12:09,738 INFO 57330 [egg-schedule]: register schedule /Users/libing/Desktop/Code/app/react-blog.github.io/service/react-blog.github.io/node_modules/egg-logrotator/app/schedule/clean_log.js
2020-09-14 14:12:09,738 INFO 57330 [egg-schedule]: register schedule /Users/libing/Desktop/Code/app/react-blog.github.io/service/react-blog.github.io/node_modules/egg-logrotator/app/schedule/rotate_by_file.js
2020-09-14 14:13:35,477 INFO 57514 [egg-schedule]: register schedule /Users/libing/Desktop/Code/app/react-blog.github.io/service/react-blog.github.io/node_modules/egg-multipart/app/schedule/clean_tmpdir.js
2020-09-14 14:13:35,477 INFO 57514 [egg-schedule]: register schedule /Users/libing/Desktop/Code/app/react-blog.github.io/service/react-blog.github.io/node_modules/egg-logrotator/app/schedule/clean_log.js
2020-09-14 14:13:35,477 INFO 57514 [egg-schedule]: register schedule /Users/libing/Desktop/Code/app/react-blog.github.io/service/react-blog.github.io/node_modules/egg-logrotator/app/schedule/rotate_by_file.js
2020-09-14 14:13:47,250 INFO 57536 [egg-schedule]: register schedule /Users/libing/Desktop/Code/app/react-blog.github.io/service/react-blog.github.io/node_modules/egg-multipart/app/schedule/clean_tmpdir.js
2020-09-14 14:13:47,250 INFO 57536 [egg-schedule]: register schedule /Users/libing/Desktop/Code/app/react-blog.github.io/service/react-blog.github.io/node_modules/egg-logrotator/app/schedule/clean_log.js
2020-09-14 14:13:47,250 INFO 57536 [egg-schedule]: register schedule /Users/libing/Desktop/Code/app/react-blog.github.io/service/react-blog.github.io/node_modules/egg-logrotator/app/schedule/rotate_by_file.js
2020-09-14 14:14:29,857 INFO 57578 [egg-schedule]: register schedule /Users/libing/Desktop/Code/app/react-blog.github.io/service/react-blog.github.io/node_modules/egg-multipart/app/schedule/clean_tmpdir.js
2020-09-14 14:14:29,857 INFO 57578 [egg-schedule]: register schedule /Users/libing/Desktop/Code/app/react-blog.github.io/service/react-blog.github.io/node_modules/egg-logrotator/app/schedule/clean_log.js
2020-09-14 14:14:29,857 INFO 57578 [egg-schedule]: register schedule /Users/libing/Desktop/Code/app/react-blog.github.io/service/react-blog.github.io/node_modules/egg-logrotator/app/schedule/rotate_by_file.js
2020-09-14 14:14:30,777 INFO 57584 [egg-schedule]: register schedule /Users/libing/Desktop/Code/app/react-blog.github.io/service/react-blog.github.io/node_modules/egg-multipart/app/schedule/clean_tmpdir.js
2020-09-14 14:14:30,777 INFO 57584 [egg-schedule]: register schedule /Users/libing/Desktop/Code/app/react-blog.github.io/service/react-blog.github.io/node_modules/egg-logrotator/app/schedule/clean_log.js
2020-09-14 14:14:30,777 INFO 57584 [egg-schedule]: register schedule /Users/libing/Desktop/Code/app/react-blog.github.io/service/react-blog.github.io/node_modules/egg-logrotator/app/schedule/rotate_by_file.js
2020-09-14 15:46:58,285 INFO 64407 [egg-schedule]: register schedule /Users/libing/Desktop/Code/app/react-blog.github.io/service/react-blog.github.io/node_modules/egg-multipart/app/schedule/clean_tmpdir.js
2020-09-14 15:46:58,285 INFO 64407 [egg-schedule]: register schedule /Users/libing/Desktop/Code/app/react-blog.github.io/service/react-blog.github.io/node_modules/egg-logrotator/app/schedule/clean_log.js
2020-09-14 15:46:58,285 INFO 64407 [egg-schedule]: register schedule /Users/libing/Desktop/Code/app/react-blog.github.io/service/react-blog.github.io/node_modules/egg-logrotator/app/schedule/rotate_by_file.js
2020-09-14 15:47:02,647 INFO 64426 [egg-schedule]: register schedule /Users/libing/Desktop/Code/app/react-blog.github.io/service/react-blog.github.io/node_modules/egg-multipart/app/schedule/clean_tmpdir.js
2020-09-14 15:47:02,647 INFO 64426 [egg-schedule]: register schedule /Users/libing/Desktop/Code/app/react-blog.github.io/service/react-blog.github.io/node_modules/egg-logrotator/app/schedule/clean_log.js
2020-09-14 15:47:02,647 INFO 64426 [egg-schedule]: register schedule /Users/libing/Desktop/Code/app/react-blog.github.io/service/react-blog.github.io/node_modules/egg-logrotator/app/schedule/rotate_by_file.js
2020-09-14 16:17:52,341 INFO 66736 [egg-schedule]: register schedule /Users/libing/Desktop/Code/app/react-blog.github.io/service/react-blog.github.io/node_modules/egg-multipart/app/schedule/clean_tmpdir.js
2020-09-14 16:17:52,341 INFO 66736 [egg-schedule]: register schedule /Users/libing/Desktop/Code/app/react-blog.github.io/service/react-blog.github.io/node_modules/egg-logrotator/app/schedule/clean_log.js
2020-09-14 16:17:52,341 INFO 66736 [egg-schedule]: register schedule /Users/libing/Desktop/Code/app/react-blog.github.io/service/react-blog.github.io/node_modules/egg-logrotator/app/schedule/rotate_by_file.js
2020-09-14 16:17:53,160 INFO 66743 [egg-schedule]: register schedule /Users/libing/Desktop/Code/app/react-blog.github.io/service/react-blog.github.io/node_modules/egg-multipart/app/schedule/clean_tmpdir.js
2020-09-14 16:17:53,160 INFO 66743 [egg-schedule]: register schedule /Users/libing/Desktop/Code/app/react-blog.github.io/service/react-blog.github.io/node_modules/egg-logrotator/app/schedule/clean_log.js
2020-09-14 16:17:53,160 INFO 66743 [egg-schedule]: register schedule /Users/libing/Desktop/Code/app/react-blog.github.io/service/react-blog.github.io/node_modules/egg-logrotator/app/schedule/rotate_by_file.js
2020-09-14 16:18:00,123 INFO 66765 [egg-schedule]: register schedule /Users/libing/Desktop/Code/app/react-blog.github.io/service/react-blog.github.io/node_modules/egg-multipart/app/schedule/clean_tmpdir.js
2020-09-14 16:18:00,123 INFO 66765 [egg-schedule]: register schedule /Users/libing/Desktop/Code/app/react-blog.github.io/service/react-blog.github.io/node_modules/egg-logrotator/app/schedule/clean_log.js
2020-09-14 16:18:00,123 INFO 66765 [egg-schedule]: register schedule /Users/libing/Desktop/Code/app/react-blog.github.io/service/react-blog.github.io/node_modules/egg-logrotator/app/schedule/rotate_by_file.js
2020-09-14 16:19:14,771 INFO 66824 [egg-schedule]: register schedule /Users/libing/Desktop/Code/app/react-blog.github.io/service/react-blog.github.io/node_modules/egg-multipart/app/schedule/clean_tmpdir.js
2020-09-14 16:19:14,771 INFO 66824 [egg-schedule]: register schedule /Users/libing/Desktop/Code/app/react-blog.github.io/service/react-blog.github.io/node_modules/egg-logrotator/app/schedule/clean_log.js
2020-09-14 16:19:14,771 INFO 66824 [egg-schedule]: register schedule /Users/libing/Desktop/Code/app/react-blog.github.io/service/react-blog.github.io/node_modules/egg-logrotator/app/schedule/rotate_by_file.js
2020-09-14 16:20:39,463 INFO 66938 [egg-schedule]: register schedule /Users/libing/Desktop/Code/app/react-blog.github.io/service/react-blog.github.io/node_modules/egg-multipart/app/schedule/clean_tmpdir.js
2020-09-14 16:20:39,463 INFO 66938 [egg-schedule]: register schedule /Users/libing/Desktop/Code/app/react-blog.github.io/service/react-blog.github.io/node_modules/egg-logrotator/app/schedule/clean_log.js
2020-09-14 16:20:39,463 INFO 66938 [egg-schedule]: register schedule /Users/libing/Desktop/Code/app/react-blog.github.io/service/react-blog.github.io/node_modules/egg-logrotator/app/schedule/rotate_by_file.js
2020-09-14 16:21:06,421 INFO 66958 [egg-schedule]: register schedule /Users/libing/Desktop/Code/app/react-blog.github.io/service/react-blog.github.io/node_modules/egg-multipart/app/schedule/clean_tmpdir.js
2020-09-14 16:21:06,421 INFO 66958 [egg-schedule]: register schedule /Users/libing/Desktop/Code/app/react-blog.github.io/service/react-blog.github.io/node_modules/egg-logrotator/app/schedule/clean_log.js
2020-09-14 16:21:06,421 INFO 66958 [egg-schedule]: register schedule /Users/libing/Desktop/Code/app/react-blog.github.io/service/react-blog.github.io/node_modules/egg-logrotator/app/schedule/rotate_by_file.js
2020-09-14 16:21:16,424 INFO 67029 [egg-schedule]: register schedule /Users/libing/Desktop/Code/app/react-blog.github.io/service/react-blog.github.io/node_modules/egg-multipart/app/schedule/clean_tmpdir.js
2020-09-14 16:21:16,424 INFO 67029 [egg-schedule]: register schedule /Users/libing/Desktop/Code/app/react-blog.github.io/service/react-blog.github.io/node_modules/egg-logrotator/app/schedule/clean_log.js
2020-09-14 16:21:16,424 INFO 67029 [egg-schedule]: register schedule /Users/libing/Desktop/Code/app/react-blog.github.io/service/react-blog.github.io/node_modules/egg-logrotator/app/schedule/rotate_by_file.js
2020-09-14 16:21:40,450 INFO 67065 [egg-schedule]: register schedule /Users/libing/Desktop/Code/app/react-blog.github.io/service/react-blog.github.io/node_modules/egg-multipart/app/schedule/clean_tmpdir.js
2020-09-14 16:21:40,450 INFO 67065 [egg-schedule]: register schedule /Users/libing/Desktop/Code/app/react-blog.github.io/service/react-blog.github.io/node_modules/egg-logrotator/app/schedule/clean_log.js
2020-09-14 16:21:40,450 INFO 67065 [egg-schedule]: register schedule /Users/libing/Desktop/Code/app/react-blog.github.io/service/react-blog.github.io/node_modules/egg-logrotator/app/schedule/rotate_by_file.js
2020-09-14 16:22:48,351 INFO 67133 [egg-schedule]: register schedule /Users/libing/Desktop/Code/app/react-blog.github.io/service/react-blog.github.io/node_modules/egg-multipart/app/schedule/clean_tmpdir.js
2020-09-14 16:22:48,351 INFO 67133 [egg-schedule]: register schedule /Users/libing/Desktop/Code/app/react-blog.github.io/service/react-blog.github.io/node_modules/egg-logrotator/app/schedule/clean_log.js
2020-09-14 16:22:48,351 INFO 67133 [egg-schedule]: register schedule /Users/libing/Desktop/Code/app/react-blog.github.io/service/react-blog.github.io/node_modules/egg-logrotator/app/schedule/rotate_by_file.js
2020-09-14 16:23:00,143 INFO 67157 [egg-schedule]: register schedule /Users/libing/Desktop/Code/app/react-blog.github.io/service/react-blog.github.io/node_modules/egg-multipart/app/schedule/clean_tmpdir.js
2020-09-14 16:23:00,143 INFO 67157 [egg-schedule]: register schedule /Users/libing/Desktop/Code/app/react-blog.github.io/service/react-blog.github.io/node_modules/egg-logrotator/app/schedule/clean_log.js
2020-09-14 16:23:00,143 INFO 67157 [egg-schedule]: register schedule /Users/libing/Desktop/Code/app/react-blog.github.io/service/react-blog.github.io/node_modules/egg-logrotator/app/schedule/rotate_by_file.js
2020-09-14 16:23:37,826 INFO 67241 [egg-schedule]: register schedule /Users/libing/Desktop/Code/app/react-blog.github.io/service/react-blog.github.io/node_modules/egg-multipart/app/schedule/clean_tmpdir.js
2020-09-14 16:23:37,826 INFO 67241 [egg-schedule]: register schedule /Users/libing/Desktop/Code/app/react-blog.github.io/service/react-blog.github.io/node_modules/egg-logrotator/app/schedule/clean_log.js
2020-09-14 16:23:37,826 INFO 67241 [egg-schedule]: register schedule /Users/libing/Desktop/Code/app/react-blog.github.io/service/react-blog.github.io/node_modules/egg-logrotator/app/schedule/rotate_by_file.js
2020-09-14 16:23:56,746 INFO 67274 [egg-schedule]: register schedule /Users/libing/Desktop/Code/app/react-blog.github.io/service/react-blog.github.io/node_modules/egg-multipart/app/schedule/clean_tmpdir.js
2020-09-14 16:23:56,746 INFO 67274 [egg-schedule]: register schedule /Users/libing/Desktop/Code/app/react-blog.github.io/service/react-blog.github.io/node_modules/egg-logrotator/app/schedule/clean_log.js
2020-09-14 16:23:56,746 INFO 67274 [egg-schedule]: register schedule /Users/libing/Desktop/Code/app/react-blog.github.io/service/react-blog.github.io/node_modules/egg-logrotator/app/schedule/rotate_by_file.js
2020-09-14 16:24:16,504 INFO 67338 [egg-schedule]: register schedule /Users/libing/Desktop/Code/app/react-blog.github.io/service/react-blog.github.io/node_modules/egg-multipart/app/schedule/clean_tmpdir.js
2020-09-14 16:24:16,504 INFO 67338 [egg-schedule]: register schedule /Users/libing/Desktop/Code/app/react-blog.github.io/service/react-blog.github.io/node_modules/egg-logrotator/app/schedule/clean_log.js
2020-09-14 16:24:16,504 INFO 67338 [egg-schedule]: register schedule /Users/libing/Desktop/Code/app/react-blog.github.io/service/react-blog.github.io/node_modules/egg-logrotator/app/schedule/rotate_by_file.js
2020-09-14 16:24:20,795 INFO 67350 [egg-schedule]: register schedule /Users/libing/Desktop/Code/app/react-blog.github.io/service/react-blog.github.io/node_modules/egg-multipart/app/schedule/clean_tmpdir.js
2020-09-14 16:24:20,795 INFO 67350 [egg-schedule]: register schedule /Users/libing/Desktop/Code/app/react-blog.github.io/service/react-blog.github.io/node_modules/egg-logrotator/app/schedule/clean_log.js
2020-09-14 16:24:20,795 INFO 67350 [egg-schedule]: register schedule /Users/libing/Desktop/Code/app/react-blog.github.io/service/react-blog.github.io/node_modules/egg-logrotator/app/schedule/rotate_by_file.js
2020-09-14 16:28:16,840 INFO 67643 [egg-schedule]: register schedule /Users/libing/Desktop/Code/app/react-blog.github.io/service/react-blog.github.io/node_modules/egg-multipart/app/schedule/clean_tmpdir.js
2020-09-14 16:28:16,840 INFO 67643 [egg-schedule]: register schedule /Users/libing/Desktop/Code/app/react-blog.github.io/service/react-blog.github.io/node_modules/egg-logrotator/app/schedule/clean_log.js
2020-09-14 16:28:16,840 INFO 67643 [egg-schedule]: register schedule /Users/libing/Desktop/Code/app/react-blog.github.io/service/react-blog.github.io/node_modules/egg-logrotator/app/schedule/rotate_by_file.js
2020-09-14 16:29:46,222 INFO 67794 [egg-schedule]: register schedule /Users/libing/Desktop/Code/app/react-blog.github.io/service/react-blog.github.io/node_modules/egg-multipart/app/schedule/clean_tmpdir.js
2020-09-14 16:29:46,222 INFO 67794 [egg-schedule]: register schedule /Users/libing/Desktop/Code/app/react-blog.github.io/service/react-blog.github.io/node_modules/egg-logrotator/app/schedule/clean_log.js
2020-09-14 16:29:46,222 INFO 67794 [egg-schedule]: register schedule /Users/libing/Desktop/Code/app/react-blog.github.io/service/react-blog.github.io/node_modules/egg-logrotator/app/schedule/rotate_by_file.js
2020-09-14 16:29:50,265 INFO 67818 [egg-schedule]: register schedule /Users/libing/Desktop/Code/app/react-blog.github.io/service/react-blog.github.io/node_modules/egg-multipart/app/schedule/clean_tmpdir.js
2020-09-14 16:29:50,265 INFO 67818 [egg-schedule]: register schedule /Users/libing/Desktop/Code/app/react-blog.github.io/service/react-blog.github.io/node_modules/egg-logrotator/app/schedule/clean_log.js
2020-09-14 16:29:50,265 INFO 67818 [egg-schedule]: register schedule /Users/libing/Desktop/Code/app/react-blog.github.io/service/react-blog.github.io/node_modules/egg-logrotator/app/schedule/rotate_by_file.js
2020-09-14 16:32:17,382 INFO 67984 [egg-schedule]: register schedule /Users/libing/Desktop/Code/app/react-blog.github.io/service/react-blog.github.io/node_modules/egg-multipart/app/schedule/clean_tmpdir.js
2020-09-14 16:32:17,382 INFO 67984 [egg-schedule]: register schedule /Users/libing/Desktop/Code/app/react-blog.github.io/service/react-blog.github.io/node_modules/egg-logrotator/app/schedule/clean_log.js
2020-09-14 16:32:17,382 INFO 67984 [egg-schedule]: register schedule /Users/libing/Desktop/Code/app/react-blog.github.io/service/react-blog.github.io/node_modules/egg-logrotator/app/schedule/rotate_by_file.js
2020-09-14 16:33:15,700 INFO 68041 [egg-schedule]: register schedule /Users/libing/Desktop/Code/app/react-blog.github.io/service/react-blog.github.io/node_modules/egg-multipart/app/schedule/clean_tmpdir.js
2020-09-14 16:33:15,700 INFO 68041 [egg-schedule]: register schedule /Users/libing/Desktop/Code/app/react-blog.github.io/service/react-blog.github.io/node_modules/egg-logrotator/app/schedule/clean_log.js
2020-09-14 16:33:15,700 INFO 68041 [egg-schedule]: register schedule /Users/libing/Desktop/Code/app/react-blog.github.io/service/react-blog.github.io/node_modules/egg-logrotator/app/schedule/rotate_by_file.js
2020-09-14 16:34:11,997 INFO 68169 [egg-schedule]: register schedule /Users/libing/Desktop/Code/app/react-blog.github.io/service/react-blog.github.io/node_modules/egg-multipart/app/schedule/clean_tmpdir.js
2020-09-14 16:34:11,997 INFO 68169 [egg-schedule]: register schedule /Users/libing/Desktop/Code/app/react-blog.github.io/service/react-blog.github.io/node_modules/egg-logrotator/app/schedule/clean_log.js
2020-09-14 16:34:11,997 INFO 68169 [egg-schedule]: register schedule /Users/libing/Desktop/Code/app/react-blog.github.io/service/react-blog.github.io/node_modules/egg-logrotator/app/schedule/rotate_by_file.js
2020-09-14 18:07:40,476 INFO 74946 [egg-schedule]: register schedule /Users/libing/Desktop/Code/app/react-blog.github.io/service/react-blog.github.io/node_modules/egg-multipart/app/schedule/clean_tmpdir.js
2020-09-14 18:07:40,476 INFO 74946 [egg-schedule]: register schedule /Users/libing/Desktop/Code/app/react-blog.github.io/service/react-blog.github.io/node_modules/egg-logrotator/app/schedule/clean_log.js
2020-09-14 18:07:40,476 INFO 74946 [egg-schedule]: register schedule /Users/libing/Desktop/Code/app/react-blog.github.io/service/react-blog.github.io/node_modules/egg-logrotator/app/schedule/rotate_by_file.js
2020-09-14 18:08:14,400 INFO 74976 [egg-schedule]: register schedule /Users/libing/Desktop/Code/app/react-blog.github.io/service/react-blog.github.io/node_modules/egg-multipart/app/schedule/clean_tmpdir.js
2020-09-14 18:08:14,400 INFO 74976 [egg-schedule]: register schedule /Users/libing/Desktop/Code/app/react-blog.github.io/service/react-blog.github.io/node_modules/egg-logrotator/app/schedule/clean_log.js
2020-09-14 18:08:14,400 INFO 74976 [egg-schedule]: register schedule /Users/libing/Desktop/Code/app/react-blog.github.io/service/react-blog.github.io/node_modules/egg-logrotator/app/schedule/rotate_by_file.js
2020-09-14 18:08:18,799 INFO 74996 [egg-schedule]: register schedule /Users/libing/Desktop/Code/app/react-blog.github.io/service/react-blog.github.io/node_modules/egg-multipart/app/schedule/clean_tmpdir.js
2020-09-14 18:08:18,799 INFO 74996 [egg-schedule]: register schedule /Users/libing/Desktop/Code/app/react-blog.github.io/service/react-blog.github.io/node_modules/egg-logrotator/app/schedule/clean_log.js
2020-09-14 18:08:18,799 INFO 74996 [egg-schedule]: register schedule /Users/libing/Desktop/Code/app/react-blog.github.io/service/react-blog.github.io/node_modules/egg-logrotator/app/schedule/rotate_by_file.js
2020-09-14 18:08:23,094 INFO 75009 [egg-schedule]: register schedule /Users/libing/Desktop/Code/app/react-blog.github.io/service/react-blog.github.io/node_modules/egg-multipart/app/schedule/clean_tmpdir.js
2020-09-14 18:08:23,094 INFO 75009 [egg-schedule]: register schedule /Users/libing/Desktop/Code/app/react-blog.github.io/service/react-blog.github.io/node_modules/egg-logrotator/app/schedule/clean_log.js
2020-09-14 18:08:23,094 INFO 75009 [egg-schedule]: register schedule /Users/libing/Desktop/Code/app/react-blog.github.io/service/react-blog.github.io/node_modules/egg-logrotator/app/schedule/rotate_by_file.js
2020-09-14 21:09:32,993 INFO 90209 [egg-schedule]: register schedule /Users/libing/Desktop/Code/app/react-blog.github.io/service/react-blog.github.io/node_modules/egg-multipart/app/schedule/clean_tmpdir.js
2020-09-14 21:09:32,993 INFO 90209 [egg-schedule]: register schedule /Users/libing/Desktop/Code/app/react-blog.github.io/service/react-blog.github.io/node_modules/egg-logrotator/app/schedule/clean_log.js
2020-09-14 21:09:32,993 INFO 90209 [egg-schedule]: register schedule /Users/libing/Desktop/Code/app/react-blog.github.io/service/react-blog.github.io/node_modules/egg-logrotator/app/schedule/rotate_by_file.js
2020-09-14 21:09:35,218 INFO 90223 [egg-schedule]: register schedule /Users/libing/Desktop/Code/app/react-blog.github.io/service/react-blog.github.io/node_modules/egg-multipart/app/schedule/clean_tmpdir.js
2020-09-14 21:09:35,218 INFO 90223 [egg-schedule]: register schedule /Users/libing/Desktop/Code/app/react-blog.github.io/service/react-blog.github.io/node_modules/egg-logrotator/app/schedule/clean_log.js
2020-09-14 21:09:35,218 INFO 90223 [egg-schedule]: register schedule /Users/libing/Desktop/Code/app/react-blog.github.io/service/react-blog.github.io/node_modules/egg-logrotator/app/schedule/rotate_by_file.js
2020-09-14 21:09:51,405 INFO 90246 [egg-schedule]: register schedule /Users/libing/Desktop/Code/app/react-blog.github.io/service/react-blog.github.io/node_modules/egg-multipart/app/schedule/clean_tmpdir.js
2020-09-14 21:09:51,405 INFO 90246 [egg-schedule]: register schedule /Users/libing/Desktop/Code/app/react-blog.github.io/service/react-blog.github.io/node_modules/egg-logrotator/app/schedule/clean_log.js
2020-09-14 21:09:51,405 INFO 90246 [egg-schedule]: register schedule /Users/libing/Desktop/Code/app/react-blog.github.io/service/react-blog.github.io/node_modules/egg-logrotator/app/schedule/rotate_by_file.js
2020-09-14 21:12:47,202 INFO 90443 [egg-schedule]: register schedule /Users/libing/Desktop/Code/app/react-blog.github.io/service/react-blog.github.io/node_modules/egg-multipart/app/schedule/clean_tmpdir.js
2020-09-14 21:12:47,202 INFO 90443 [egg-schedule]: register schedule /Users/libing/Desktop/Code/app/react-blog.github.io/service/react-blog.github.io/node_modules/egg-logrotator/app/schedule/clean_log.js
2020-09-14 21:12:47,202 INFO 90443 [egg-schedule]: register schedule /Users/libing/Desktop/Code/app/react-blog.github.io/service/react-blog.github.io/node_modules/egg-logrotator/app/schedule/rotate_by_file.js
2020-09-14 21:12:59,092 INFO 90474 [egg-schedule]: register schedule /Users/libing/Desktop/Code/app/react-blog.github.io/service/react-blog.github.io/node_modules/egg-multipart/app/schedule/clean_tmpdir.js
2020-09-14 21:12:59,092 INFO 90474 [egg-schedule]: register schedule /Users/libing/Desktop/Code/app/react-blog.github.io/service/react-blog.github.io/node_modules/egg-logrotator/app/schedule/clean_log.js
2020-09-14 21:12:59,092 INFO 90474 [egg-schedule]: register schedule /Users/libing/Desktop/Code/app/react-blog.github.io/service/react-blog.github.io/node_modules/egg-logrotator/app/schedule/rotate_by_file.js
2020-09-14 21:13:13,663 INFO 90488 [egg-schedule]: register schedule /Users/libing/Desktop/Code/app/react-blog.github.io/service/react-blog.github.io/node_modules/egg-multipart/app/schedule/clean_tmpdir.js
2020-09-14 21:13:13,663 INFO 90488 [egg-schedule]: register schedule /Users/libing/Desktop/Code/app/react-blog.github.io/service/react-blog.github.io/node_modules/egg-logrotator/app/schedule/clean_log.js
2020-09-14 21:13:13,663 INFO 90488 [egg-schedule]: register schedule /Users/libing/Desktop/Code/app/react-blog.github.io/service/react-blog.github.io/node_modules/egg-logrotator/app/schedule/rotate_by_file.js
2020-09-14 21:14:02,938 INFO 90613 [egg-schedule]: register schedule /Users/libing/Desktop/Code/app/react-blog.github.io/service/react-blog.github.io/node_modules/egg-multipart/app/schedule/clean_tmpdir.js
2020-09-14 21:14:02,938 INFO 90613 [egg-schedule]: register schedule /Users/libing/Desktop/Code/app/react-blog.github.io/service/react-blog.github.io/node_modules/egg-logrotator/app/schedule/clean_log.js
2020-09-14 21:14:02,938 INFO 90613 [egg-schedule]: register schedule /Users/libing/Desktop/Code/app/react-blog.github.io/service/react-blog.github.io/node_modules/egg-logrotator/app/schedule/rotate_by_file.js
2020-09-15 15:02:03,884 INFO 8138 [Timer] /Users/libing/Desktop/Code/app/react-blog.github.io/service/react-blog.github.io/node_modules/egg-multipart/app/schedule/clean_tmpdir.js next time will execute after 48476118ms at 2020-09-16 04:30:00.002
2020-09-15 15:02:03,884 INFO 8138 [Timer] /Users/libing/Desktop/Code/app/react-blog.github.io/service/react-blog.github.io/node_modules/egg-logrotator/app/schedule/clean_log.js next time will execute after 32276116ms at 2020-09-16 00:00:00.000
2020-09-15 15:02:03,884 INFO 8138 [Timer] /Users/libing/Desktop/Code/app/react-blog.github.io/service/react-blog.github.io/node_modules/egg-logrotator/app/schedule/rotate_by_file.js next time will execute after 32277116ms at 2020-09-16 00:00:01.000
2020-09-15 15:02:03,689 INFO 8139 [egg-schedule]: register schedule /Users/libing/Desktop/Code/app/react-blog.github.io/service/react-blog.github.io/node_modules/egg-multipart/app/schedule/clean_tmpdir.js
2020-09-15 15:02:03,689 INFO 8139 [egg-schedule]: register schedule /Users/libing/Desktop/Code/app/react-blog.github.io/service/react-blog.github.io/node_modules/egg-logrotator/app/schedule/clean_log.js
2020-09-15 15:02:03,689 INFO 8139 [egg-schedule]: register schedule /Users/libing/Desktop/Code/app/react-blog.github.io/service/react-blog.github.io/node_modules/egg-logrotator/app/schedule/rotate_by_file.js
